"Interval"|"ms"|0|0|1,"Utc"|"ms"|0|0|1,"EngineTemp"|"F"|0|300|1,"OilTemp"|"F"|0|300|1,"OilPress"|"PSI"|0|150|25,"Battery"|"Volts"|0.0|20.0|1,"Battery"|"Volts"|0.0|20.0|1,"AccelX"|"G"|-3.0|3.0|25,"AccelY"|"G"|-3.0|3.0|25,"AccelZ"|"G"|-3.0|3.0|25,"Yaw"|"Deg/Sec"|-120|120|25,"Pitch"|"Deg/Sec"|-120|120|25,"Roll"|"Deg/Sec"|-120|120|25,"RPM"|""|0|10000|25,"RPM"|""|0|14000|1,"Latitude"|"Degrees"|-180.0|180.0|10,"Longitude"|"Degrees"|-180.0|180.0|10,"Speed"|"MPH"|0.0|150.0|10,"Altitude"|"ft"|0.0|4000.0|10,"GPSSats"|""|0|20|10,"GPSQual"|""|0|5|10,"GPSDOP"|""|0.0|20.0|10,"Distance"|"mi"|0.0|0.0|10,"LapCount"|""|0|0|10,"LapTime"|"Min"|0.0|0.0|10,"Sector"|""|0|0|10,"SectorTime"|"Min"|0.0|0.0|10,"PredTime"|"Min"|0.0|0.0|5,"ElapsedTime"|"Min"|0.0|0.0|10,"CurrentLap"|""|0|0|10
691170,0,,,0,,,0.01,0.02,0.99,0,-1,-25,0,,,,,,,,,,,,,,,,
691210,0,,,0,,,0.01,0.02,0.98,0,-1,-20,0,,,,,,,,,,,,,,,,
691250,0,,,0,,,0.02,0.02,0.99,0,-1,-16,0,,,,,,,,,,,,,,,,
691290,0,,,0,,,0.02,0.02,0.99,0,-0,-13,0,,0.0,0.0,0.0,0.0,0,0,0.0,0.0,0,0.0,-1,0.0,0.0,0.0,0
691330,0,,,0,,,0.02,0.02,0.99,0,-0,-11,0,,,,,,,,,,,,,,,,
691370,0,,,0,,,0.02,0.02,0.99,0,-0,-9,0,,,,,,,,,,,,,,,,
691410,0,,,0,,,0.02,0.02,0.99,0,-0,-7,0,,,,,,,,,,,,,,,,
691450,0,,,0,,,0.02,0.02,0.99,0,-0,-6,0,,,,,,,,,,,,,,,,
691490,0,290,302,0,0.0,5.16,0.02,0.02,0.99,0,-0,-5,0,0,0.0,0.0,0.0,0.0,0,0,0.0,0.0,0,0.0,-1,0.0,0.0,0.0,0
691530,0,,,0,,,0.02,0.02,0.99,0,-0,-4,0,,,,,,,,,,,,,,,,
691570,0,,,0,,,0.02,0.02,0.99,0,-0,-3,0,,,,,,,,,,,,,,,,
691610,0,,,0,,,0.02,0.02,0.99,0,-0,-3,0,,,,,,,,,,,,,,,,
691650,0,,,0,,,0.02,0.02,0.99,0,0,-2,0,,,,,,,,,,,,,,,,
691690,0,,,0,,,0.02,0.02,0.99,0,0,-2,0,,0.0,0.0,0.0,0.0,0,0,0.0,0.0,0,0.0,-1,0.0,0.0,0.0,0
691730,0,,,0,,,0.02,0.02,0.99,0,0,-2,0,,,,,,,,,,,,,,,,
691770,0,,,0,,,0.02,0.02,0.99,0,-0,-1,0,,,,,,,,,,,,,,,,
691810,0,,,0,,,0.02,0.02,0.99,0,-0,-1,0,,,,,,,,,,,,,,,,
691850,0,,,0,,,0.02,0.02,0.99,0,0,-1,0,,,,,,,,,,,,,,,,
691890,0,,,0,,,0.02,0.02,0.99,0,0,-1,0,,0.0,0.0,0.0,0.0,0,0,0.0,0.0,0,0.0,-1,0.0,0.0,0.0,0
691930,0,,,0,,,0.02,0.02,0.99,0,0,-1,0,,,,,,,,,,,,,,,,
691970,0,,,0,,,0.02,0.02,0.99,0,0,-1,0,,,,,,,,,,,,,,,,
692010,0,,,0,,,0.02,0.02,0.99,0,0,-0,0,,,,,,,,,,,,,,,,
692050,0,,,0,,,0.02,0.02,0.99,0,0,-0,0,,,,,,,,,,,,,,,,
692090,0,,,0,,,0.02,0.02,0.99,0,0,-0,0,,0.0,0.0,0.0,0.0,0,0,0.0,0.0,0,0.0,-1,0.0,0.0,0.0,0
692130,0,,,0,,,0.02,0.02,0.99,0,0,-0,0,,,,,,,,,,,,,,,,
692170,0,,,0,,,0.02,0.02,0.99,0,0,-0,0,,,,,,,,,,,,,,,,
692210,0,,,0,,,0.02,0.02,0.99,0,0,-0,0,,,,,,,,,,,,,,,,
692250,0,,,0,,,0.02,0.02,0.99,0,0,-0,0,,,,,,,,,,,,,,,,
692290,0,,,0,,,0.02,0.02,0.99,0,0,-0,0,,0.0,0.0,0.0,0.0,0,0,0.0,0.0,0,0.0,-1,0.0,0.0,0.0,0
692330,0,,,0,,,0.02,0.02,0.99,0,0,-0,0,,,,,,,,,,,,,,,,
692370,0,,,0,,,0.02,0.02,0.99,0,0,-0,0,,,,,,,,,,,,,,,,
692410,0,,,0,,,0.02,0.02,0.99,0,0,-0,0,,,,,,,,,,,,,,,,
692450,0,,,0,,,0.02,0.02,0.99,0,0,-0,0,,,,,,,,,,,,,,,,
692490,0,290,302,0,0.0,5.15,0.02,0.02,0.99,0,0,-0,0,0,0.0,0.0,0.0,0.0,0,0,0.0,0.0,0,0.0,-1,0.0,0.0,0.0,0
692530,0,,,0,,,0.02,0.02,0.99,0,0,-0,0,,,,,,,,,,,,,,,,
692570,0,,,0,,,0.02,0.02,0.99,0,0,-0,0,,,,,,,,,,,,,,,,
692610,0,,,0,,,0.02,0.02,0.99,0,-0,-0,0,,,,,,,,,,,,,,,,
692650,0,,,0,,,0.02,0.02,0.99,0,0,-0,0,,,,,,,,,,,,,,,,
692690,0,,,0,,,0.02,0.02,0.99,0,0,-0,0,,0.0,0.0,0.0,0.0,0,0,0.0,0.0,0,0.0,-1,0.0,0.0,0.0,0
692730,0,,,0,,,0.02,0.02,0.99,0,0,-0,0,,,,,,,,,,,,,,,,
692770,0,,,0,,,0.02,0.02,0.99,0,0,-0,0,,,,,,,,,,,,,,,,
692810,0,,,0,,,0.02,0.02,0.99,0,0,-0,0,,,,,,,,,,,,,,,,
692850,0,,,0,,,0.02,0.02,0.99,0,0,-0,0,,,,,,,,,,,,,,,,
692890,0,,,0,,,0.02,0.02,0.99,0,0,-0,0,,0.0,0.0,0.0,0.0,0,0,0.0,0.0,0,0.0,-1,0.0,0.0,0.0,0
692930,0,,,0,,,0.02,0.02,0.99,0,0,-0,0,,,,,,,,,,,,,,,,
692970,0,,,0,,,0.02,0.02,0.99,0,0,-0,0,,,,,,,,,,,,,,,,
693010,0,,,0,,,0.02,0.02,0.99,0,0,-0,0,,,,,,,,,,,,,,,,
693050,0,,,0,,,0.02,0.02,0.99,0,0,-0,0,,,,,,,,,,,,,,,,
693090,0,,,0,,,0.01,0.02,0.99,0,0,-0,0,,0.0,0.0,0.0,0.0,0,0,0.0,0.0,0,0.0,-1,0.0,0.0,0.0,0
693130,0,,,0,,,0.01,0.02,0.99,0,0,-0,0,,,,,,,,,,,,,,,,
693170,0,,,0,,,0.01,0.02,0.99,0,0,-0,0,,,,,,,,,,,,,,,,
693210,0,,,0,,,0.01,0.02,0.99,0,0,-0,0,,,,,,,,,,,,,,,,
693250,0,,,0,,,0.02,0.02,0.99,0,0,-0,0,,,,,,,,,,,,,,,,
693290,0,,,0,,,0.02,0.02,0.99,0,0,-0,0,,0.0,0.0,0.0,0.0,0,0,0.0,0.0,0,0.0,-1,0.0,0.0,0.0,0
693330,0,,,0,,,0.02,0.02,0.99,0,0,-0,0,,,,,,,,,,,,,,,,
693370,0,,,0,,,0.02,0.02,0.99,0,0,-0,0,,,,,,,,,,,,,,,,
693410,0,,,0,,,0.02,0.02,0.99,0,0,-0,0,,,,,,,,,,,,,,,,
693450,0,,,0,,,0.02,0.02,0.99,0,0,-0,0,,,,,,,,,,,,,,,,
693490,0,291,302,0,0.0,5.16,0.02,0.02,0.98,0,0,-0,0,0,0.0,0.0,0.0,0.0,0,0,0.0,0.0,0,0.0,-1,0.0,0.0,0.0,0
693530,0,,,0,,,0.02,0.02,0.99,0,0,-0,0,,,,,,,,,,,,,,,,
693570,0,,,0,,,0.02,0.02,0.99,0,0,-0,0,,,,,,,,,,,,,,,,
693610,0,,,0,,,0.02,0.02,0.99,0,0,-0,0,,,,,,,,,,,,,,,,
693650,0,,,0,,,0.02,0.02,0.99,0,0,-0,0,,,,,,,,,,,,,,,,
693690,0,,,0,,,0.02,0.02,0.99,0,0,-0,0,,0.0,0.0,0.0,0.0,0,0,0.0,0.0,0,0.0,-1,0.0,0.0,0.0,0
693730,0,,,0,,,0.02,0.02,0.99,0,0,-0,0,,,,,,,,,,,,,,,,
693770,0,,,0,,,0.02,0.02,0.99,0,0,-0,0,,,,,,,,,,,,,,,,
693810,0,,,0,,,0.02,0.02,0.99,0,0,-0,0,,,,,,,,,,,,,,,,
693850,0,,,0,,,0.02,0.02,0.99,0,0,-0,0,,,,,,,,,,,,,,,,
693890,0,,,0,,,0.02,0.02,0.99,0,0,-0,0,,0.0,0.0,0.0,0.0,0,0,0.0,0.0,0,0.0,-1,0.0,0.0,0.0,0
693930,0,,,0,,,0.01,0.02,0.99,0,0,-0,0,,,,,,,,,,,,,,,,
693970,0,,,0,,,0.01,0.02,0.99,0,0,-0,0,,,,,,,,,,,,,,,,
694010,0,,,0,,,0.01,0.02,0.99,0,0,-0,0,,,,,,,,,,,,,,,,
694050,0,,,0,,,0.02,0.02,0.99,0,0,-0,0,,,,,,,,,,,,,,,,
694090,0,,,0,,,0.01,0.02,0.99,0,0,-0,0,,0.0,0.0,0.0,0.0,0,0,0.0,0.0,0,0.0,-1,0.0,0.0,0.0,0
694130,0,,,0,,,0.02,0.02,0.99,0,0,-0,0,,,,,,,,,,,,,,,,
694170,0,,,0,,,0.01,0.02,0.99,0,0,-0,0,,,,,,,,,,,,,,,,
694210,0,,,0,,,0.01,0.02,0.99,0,0,-0,0,,,,,,,,,,,,,,,,
694250,0,,,0,,,0.01,0.02,0.99,0,0,-0,0,,,,,,,,,,,,,,,,
694290,0,,,0,,,0.01,0.02,0.99,0,0,-0,0,,0.0,0.0,0.0,0.0,0,0,0.0,0.0,0,0.0,-1,0.0,0.0,0.0,0
694330,0,,,0,,,0.01,0.02,0.99,0,0,-0,0,,,,,,,,,,,,,,,,
694370,0,,,0,,,0.01,0.02,0.99,0,0,-0,0,,,,,,,,,,,,,,,,
694410,0,,,0,,,0.01,0.02,0.99,0,0,-0,0,,,,,,,,,,,,,,,,
694450,0,,,0,,,0.01,0.02,0.99,0,0,-0,0,,,,,,,,,,,,,,,,
694490,0,291,302,0,0.0,5.17,0.01,0.02,0.99,0,0,-0,0,0,0.0,0.0,0.0,0.0,0,0,0.0,0.0,0,0.0,-1,0.0,0.0,0.0,0
694530,0,,,0,,,0.01,0.02,0.99,0,0,-0,0,,,,,,,,,,,,,,,,
694570,0,,,0,,,0.01,0.02,0.99,0,0,-0,0,,,,,,,,,,,,,,,,
694610,0,,,0,,,0.01,0.02,0.99,0,0,-0,0,,,,,,,,,,,,,,,,
694650,0,,,0,,,0.01,0.02,0.99,0,0,-0,0,,,,,,,,,,,,,,,,
694690,0,,,0,,,0.01,0.02,0.99,0,0,-0,0,,0.0,0.0,0.0,0.0,0,0,0.0,0.0,0,0.0,-1,0.0,0.0,0.0,0
694730,0,,,0,,,0.02,0.02,0.99,0,0,-0,0,,,,,,,,,,,,,,,,
694770,0,,,0,,,0.01,0.02,0.99,0,0,-0,0,,,,,,,,,,,,,,,,
694810,0,,,0,,,0.01,0.02,0.99,0,0,-0,0,,,,,,,,,,,,,,,,
694850,0,,,0,,,0.02,0.02,0.99,0,0,-0,0,,,,,,,,,,,,,,,,
694890,0,,,0,,,0.02,0.02,0.99,0,0,-0,0,,0.0,0.0,0.0,0.0,0,0,0.0,0.0,0,0.0,-1,0.0,0.0,0.0,0
694930,0,,,0,,,0.02,0.02,0.99,0,0,-0,0,,,,,,,,,,,,,,,,
694970,0,,,0,,,0.02,0.02,0.99,0,0,-0,0,,,,,,,,,,,,,,,,
695010,0,,,0,,,0.02,0.02,0.99,0,0,-0,0,,,,,,,,,,,,,,,,
695050,0,,,0,,,0.02,0.02,0.99,0,0,-0,0,,,,,,,,,,,,,,,,
695090,0,,,0,,,0.02,0.02,0.99,0,0,-0,0,,0.0,0.0,0.0,0.0,0,0,0.0,0.0,0,0.0,-1,0.0,0.0,0.0,0
695130,0,,,0,,,0.02,0.02,0.99,0,0,-0,0,,,,,,,,,,,,,,,,
695170,0,,,0,,,0.02,0.02,0.99,0,0,-0,0,,,,,,,,,,,,,,,,
695210,0,,,0,,,0.02,0.02,0.99,0,0,-0,0,,,,,,,,,,,,,,,,
695250,0,,,0,,,0.02,0.02,0.99,0,0,-0,0,,,,,,,,,,,,,,,,
695290,0,,,0,,,0.02,0.02,0.99,0,0,-0,0,,0.0,0.0,0.0,0.0,0,0,0.0,0.0,0,0.0,-1,0.0,0.0,0.0,0
695330,0,,,0,,,0.02,0.02,0.99,0,0,-0,0,,,,,,,,,,,,,,,,
695370,0,,,0,,,0.02,0.02,0.99,0,0,-0,0,,,,,,,,,,,,,,,,
695410,0,,,0,,,0.02,0.02,0.99,0,0,-0,0,,,,,,,,,,,,,,,,
695450,0,,,0,,,0.01,0.02,0.99,0,0,-0,0,,,,,,,,,,,,,,,,
695490,0,292,302,0,0.0,5.14,0.01,0.02,0.99,0,0,-0,0,0,0.0,0.0,0.0,0.0,0,0,0.0,0.0,0,0.0,-1,0.0,0.0,0.0,0
695530,0,,,0,,,0.02,0.02,0.98,0,0,-0,0,,,,,,,,,,,,,,,,
695570,0,,,0,,,0.02,0.02,0.98,0,0,-0,0,,,,,,,,,,,,,,,,
695610,0,,,0,,,0.02,0.02,0.98,0,0,-0,0,,,,,,,,,,,,,,,,
695650,0,,,0,,,0.01,0.02,0.98,0,0,-0,0,,,,,,,,,,,,,,,,
695690,0,,,0,,,0.01,0.02,0.99,0,0,-0,0,,0.0,0.0,0.0,0.0,0,0,0.0,0.0,0,0.0,-1,0.0,0.0,0.0,0
695730,0,,,0,,,0.01,0.02,0.99,0,0,-0,0,,,,,,,,,,,,,,,,
695770,0,,,0,,,0.01,0.02,0.99,0,0,-0,0,,,,,,,,,,,,,,,,
695810,0,,,0,,,0.01,0.02,0.99,0,0,-0,0,,,,,,,,,,,,,,,,
695850,0,,,0,,,0.01,0.02,0.99,0,0,-0,0,,,,,,,,,,,,,,,,
695890,0,,,0,,,0.01,0.02,0.99,0,0,-0,0,,0.0,0.0,0.0,0.0,0,0,0.0,0.0,0,0.0,-1,0.0,0.0,0.0,0
695930,0,,,0,,,0.01,0.02,0.99,0,0,-0,0,,,,,,,,,,,,,,,,
695970,0,,,0,,,0.01,0.02,0.99,0,0,-0,0,,,,,,,,,,,,,,,,
696010,0,,,0,,,0.02,0.02,0.99,0,0,-0,0,,,,,,,,,,,,,,,,
696050,0,,,0,,,0.01,0.02,0.99,0,0,-0,0,,,,,,,,,,,,,,,,
696090,0,,,0,,,0.01,0.02,0.99,0,0,-0,0,,0.0,0.0,0.0,0.0,0,0,0.0,0.0,0,0.0,-1,0.0,0.0,0.0,0
696130,0,,,0,,,0.01,0.02,0.99,0,0,-0,0,,,,,,,,,,,,,,,,
696170,0,,,0,,,0.01,0.02,0.99,0,0,-0,0,,,,,,,,,,,,,,,,
696210,0,,,0,,,0.01,0.02,0.99,0,0,-0,0,,,,,,,,,,,,,,,,
696250,0,,,0,,,0.01,0.02,0.99,0,0,-0,0,,,,,,,,,,,,,,,,
696290,0,,,0,,,0.01,0.02,0.99,0,0,-0,0,,0.0,0.0,0.0,0.0,0,0,0.0,0.0,0,0.0,-1,0.0,0.0,0.0,0
696330,0,,,0,,,0.01,0.02,0.99,0,0,-0,0,,,,,,,,,,,,,,,,
696370,0,,,0,,,0.01,0.02,0.99,0,0,-0,0,,,,,,,,,,,,,,,,
696410,0,,,0,,,0.01,0.02,0.99,0,0,-0,0,,,,,,,,,,,,,,,,
696450,0,,,0,,,0.01,0.02,0.99,0,0,-0,0,,,,,,,,,,,,,,,,
696490,0,292,302,0,0.0,5.17,0.01,0.02,0.99,0,0,-0,0,0,0.0,0.0,0.0,0.0,0,0,0.0,0.0,0,0.0,-1,0.0,0.0,0.0,0
696530,0,,,0,,,0.01,0.02,0.99,0,0,-0,0,,,,,,,,,,,,,,,,
696570,0,,,0,,,0.01,0.02,0.99,0,0,-0,0,,,,,,,,,,,,,,,,
696610,0,,,0,,,0.01,0.02,0.99,0,0,-0,0,,,,,,,,,,,,,,,,
696650,0,,,0,,,0.02,0.02,0.99,0,0,-0,0,,,,,,,,,,,,,,,,
696690,0,,,0,,,0.02,0.02,0.99,0,0,-0,0,,0.0,0.0,0.0,0.0,0,0,0.0,0.0,0,0.0,-1,0.0,0.0,0.0,0
696730,0,,,0,,,0.01,0.02,0.99,0,0,-0,0,,,,,,,,,,,,,,,,
696770,0,,,0,,,0.01,0.02,0.99,0,0,-0,0,,,,,,,,,,,,,,,,
696810,0,,,0,,,0.01,0.02,0.99,0,0,-0,0,,,,,,,,,,,,,,,,
696850,0,,,0,,,0.02,0.02,0.99,0,0,-0,0,,,,,,,,,,,,,,,,
696890,0,,,0,,,0.02,0.02,0.99,0,0,-0,0,,0.0,0.0,0.0,0.0,0,0,0.0,0.0,0,0.0,-1,0.0,0.0,0.0,0
696930,0,,,0,,,0.02,0.02,0.99,0,0,-0,0,,,,,,,,,,,,,,,,
696970,0,,,0,,,0.02,0.02,0.99,0,0,-0,0,,,,,,,,,,,,,,,,
697010,0,,,0,,,0.02,0.02,0.99,0,0,-0,0,,,,,,,,,,,,,,,,
697050,0,,,0,,,0.02,0.02,0.99,0,0,-0,0,,,,,,,,,,,,,,,,
697090,0,,,0,,,0.02,0.02,0.99,0,0,-0,0,,0.0,0.0,0.0,0.0,0,0,0.0,0.0,0,0.0,-1,0.0,0.0,0.0,0
697130,0,,,0,,,0.01,0.02,0.99,0,0,-0,0,,,,,,,,,,,,,,,,
697170,0,,,0,,,0.02,0.02,0.99,0,0,-0,0,,,,,,,,,,,,,,,,
697210,0,,,0,,,0.02,0.02,0.98,0,0,-0,0,,,,,,,,,,,,,,,,
697250,0,,,0,,,0.02,0.02,0.99,0,0,-0,0,,,,,,,,,,,,,,,,
697290,0,,,0,,,0.02,0.02,0.99,0,0,-0,0,,0.0,0.0,0.0,0.0,0,0,0.0,0.0,0,0.0,-1,0.0,0.0,0.0,0
697330,0,,,0,,,0.02,0.02,0.99,0,0,-0,0,,,,,,,,,,,,,,,,
697370,0,,,0,,,0.02,0.02,0.99,0,0,-0,0,,,,,,,,,,,,,,,,
