"Interval"|"ms"|0|0|1,"Utc"|"ms"|0|0|1,"EngineTemp"|"F"|0|300|1,"OilTemp"|"F"|0|300|1,"OilPress"|"PSI"|0|150|25,"Suspenssion"|"Volts"|0.0|5.0|500,"Battery"|"Volts"|0.0|20.0|1,"Battery"|"Volts"|0.0|20.0|1,"AccelX"|"G"|-3.0|3.0|25,"AccelY"|"G"|-3.0|3.0|25,"AccelZ"|"G"|-3.0|3.0|25,"Yaw"|"Deg/Sec"|-120|120|25,"Pitch"|"Deg/Sec"|-120|120|25,"Roll"|"Deg/Sec"|-120|120|25,"RPM"|""|0|10000|25,"RPM"|""|0|14000|50,"TPS"|"%"|0|100|50,"WaterTemp"|"?C"|0|300|50,"AirTemp"|"?C"|-1000|1000|50,"MAP"|"KPa"|0|255|50,"Lambda"|""|0|1024|50,"WheelSpeed"|"MPH"|0.0|150.0|50,"OilPress"|"PSI"|0|150|50,"FuelPress"|"PSI"|0|150|50,"OilTemp"|"F"|0|300|50,"Battery"|"Volts"|0.0|20.0|50,"FuelCon"|"L/h"|-1000|1000|50,"Gear"|""|0|10|50,"Advance"|"Deg"|-360|360|50,"Injection"|"ms"|-1000|1000|50,"FuelCon"|"L/100km"|-1000|1000|50,"Latitude"|"Degrees"|-180.0|180.0|10,"Longitude"|"Degrees"|-180.0|180.0|10,"Speed"|"MPH"|0.0|150.0|10,"Altitude"|"ft"|0.0|4000.0|10,"GPSSats"|""|0|20|10,"GPSQual"|""|0|5|10,"GPSDOP"|""|0.0|20.0|10,"Distance"|"mi"|0.0|0.0|10,"LapCount"|""|0|0|10,"LapTime"|"Min"|0.0|0.0|10,"Sector"|""|0|0|10,"SectorTime"|"Min"|0.0|0.0|10,"PredTime"|"Min"|0.0|0.0|5,"ElapsedTime"|"Min"|0.0|0.0|10,"CurrentLap"|""|0|0|10
45417,1549724808794,,,,0.33,,,,,,,,,,,,,,,,,,,,,,,,,,,,,,,,,,,,,,,,
45431,1549724808803,,,,0.33,,,,,,,,,,,,,,,,,,,,,,,,,,,,,,,,,,,,,,,,
45433,1549724808805,,,,0.33,,,,,,,,,,,,,,,,,,,,,,,,,,,,,,,,,,,,,,,,
45435,1549724808807,,,,0.33,,,,,,,,,,,,,,,,,,,,,,,,,,,,,,,,,,,,,,,,
45437,1549724808809,,,,0.33,,,,,,,,,,,,,,,,,,,,,,,,,,,,,,,,,,,,,,,,
45439,1549724808811,,,,0.32,,,,,,,,,,,,,,,,,,,,,,,,,,,,,,,,,,,,,,,,
45441,1549724808813,,,,0.33,,,,,,,,,,,,,,,,,,,,,,,,,,,,,,,,,,,,,,,,
45443,1549724808815,,,0,0.33,,,0.02,0.06,0.94,0,2,0,0,0,0,0,0,0,0,0.0,0,0,0,0.0,0,0,0,0,0,45.700268,4.909376,0.0,642.0,11,3,1.4,0.0,0,0.0,-1,0.0,0.0,0.0,0
45445,1549724808817,,,,0.33,,,,,,,,,,,,,,,,,,,,,,,,,,,,,,,,,,,,,,,,
45447,1549724808819,,,,0.33,,,,,,,,,,,,,,,,,,,,,,,,,,,,,,,,,,,,,,,,
45449,1549724808821,,,,0.33,,,,,,,,,,,,,,,,,,,,,,,,,,,,,,,,,,,,,,,,
45451,1549724808823,,,,0.33,,,,,,,,,,,,,,,,,,,,,,,,,,,,,,,,,,,,,,,,
45453,1549724808825,,,,0.33,,,,,,,,,,,,,,,,,,,,,,,,,,,,,,,,,,,,,,,,
45455,1549724808827,,,,0.33,,,,,,,,,,,,,,,,,,,,,,,,,,,,,,,,,,,,,,,,
45457,1549724808829,,,,0.33,,,,,,,,,,,,,,,,,,,,,,,,,,,,,,,,,,,,,,,,
45459,1549724808831,,,,0.33,,,,,,,,,,,,,,,,,,,,,,,,,,,,,,,,,,,,,,,,
45461,1549724808833,,,,0.33,,,,,,,,,,,,,,,,,,,,,,,,,,,,,,,,,,,,,,,,
45463,1549724808835,,,,0.33,,,,,,,,,,0,0,0,0,0,0,0.0,0,0,0,0.0,0,0,0,0,0,,,,,,,,,,,,,,,
45465,1549724808837,,,,0.33,,,,,,,,,,,,,,,,,,,,,,,,,,,,,,,,,,,,,,,,
45467,1549724808839,,,,0.32,,,,,,,,,,,,,,,,,,,,,,,,,,,,,,,,,,,,,,,,
45469,1549724808841,,,,0.33,,,,,,,,,,,,,,,,,,,,,,,,,,,,,,,,,,,,,,,,
45471,1549724808843,,,,0.33,,,,,,,,,,,,,,,,,,,,,,,,,,,,,,,,,,,,,,,,
45473,1549724808845,,,,0.33,,,,,,,,,,,,,,,,,,,,,,,,,,,,,,,,,,,,,,,,
45475,1549724808847,,,,0.33,,,,,,,,,,,,,,,,,,,,,,,,,,,,,,,,,,,,,,,,
45477,1549724808849,,,,0.33,,,,,,,,,,,,,,,,,,,,,,,,,,,,,,,,,,,,,,,,
45479,1549724808851,,,,0.33,,,,,,,,,,,,,,,,,,,,,,,,,,,,,,,,,,,,,,,,
45481,1549724808853,,,,0.33,,,,,,,,,,,,,,,,,,,,,,,,,,,,,,,,,,,,,,,,
45483,1549724808855,,,0,0.34,,,-0.08,0.01,0.98,-1,0,1,0,0,0,0,0,0,0,0.0,0,0,0,0.0,0,0,0,0,0,,,,,,,,,,,,,,,
45485,1549724808857,,,,0.33,,,,,,,,,,,,,,,,,,,,,,,,,,,,,,,,,,,,,,,,
45487,1549724808859,,,,0.33,,,,,,,,,,,,,,,,,,,,,,,,,,,,,,,,,,,,,,,,
45489,1549724808861,,,,0.33,,,,,,,,,,,,,,,,,,,,,,,,,,,,,,,,,,,,,,,,
45491,1549724808863,,,,0.33,,,,,,,,,,,,,,,,,,,,,,,,,,,,,,,,,,,,,,,,
45493,1549724808865,,,,0.33,,,,,,,,,,,,,,,,,,,,,,,,,,,,,,,,,,,,,,,,
45495,1549724808867,,,,0.33,,,,,,,,,,,,,,,,,,,,,,,,,,,,,,,,,,,,,,,,
45497,1549724808869,,,,0.33,,,,,,,,,,,,,,,,,,,,,,,,,,,,,,,,,,,,,,,,
45499,1549724808871,,,,0.33,,,,,,,,,,,,,,,,,,,,,,,,,,,,,,,,,,,,,,,,
45501,1549724808873,,,,0.33,,,,,,,,,,,,,,,,,,,,,,,,,,,,,,,,,,,,,,,,
45503,1549724808875,,,,0.33,,,,,,,,,,0,0,0,0,0,0,0.0,0,0,0,0.0,0,0,0,0,0,,,,,,,,,,,,,,,
45505,1549724808877,,,,0.33,,,,,,,,,,,,,,,,,,,,,,,,,,,,,,,,,,,,,,,,
45507,1549724808879,,,,0.33,,,,,,,,,,,,,,,,,,,,,,,,,,,,,,,,,,,,,,,,
45509,1549724808881,,,,0.33,,,,,,,,,,,,,,,,,,,,,,,,,,,,,,,,,,,,,,,,
45511,1549724808883,,,,0.33,,,,,,,,,,,,,,,,,,,,,,,,,,,,,,,,,,,,,,,,
45513,1549724808885,,,,0.33,,,,,,,,,,,,,,,,,,,,,,,,,,,,,,,,,,,,,,,,
45515,1549724808891,,,,0.33,,,,,,,,,,,,,,,,,,,,,,,,,,,,,,,,,,,,,,,,
45517,1549724808893,,,,0.33,,,,,,,,,,,,,,,,,,,,,,,,,,,,,,,,,,,,,,,,
45519,1549724808895,,,,0.33,,,,,,,,,,,,,,,,,,,,,,,,,,,,,,,,,,,,,,,,
45521,1549724808897,,,,0.33,,,,,,,,,,,,,,,,,,,,,,,,,,,,,,,,,,,,,,,,
45523,1549724808899,,,0,0.32,,,-0.04,0.02,1.02,1,2,0,0,0,0,0,0,0,0,0.0,0,0,0,0.0,0,0,0,0,0,,,,,,,,,,,,,,,
45525,1549724808901,,,,0.33,,,,,,,,,,,,,,,,,,,,,,,,,,,,,,,,,,,,,,,,
45527,1549724808903,,,,0.32,,,,,,,,,,,,,,,,,,,,,,,,,,,,,,,,,,,,,,,,
45529,1549724808905,,,,0.33,,,,,,,,,,,,,,,,,,,,,,,,,,,,,,,,,,,,,,,,
45531,1549724808907,,,,0.33,,,,,,,,,,,,,,,,,,,,,,,,,,,,,,,,,,,,,,,,
45533,1549724808909,,,,0.33,,,,,,,,,,,,,,,,,,,,,,,,,,,,,,,,,,,,,,,,
45535,1549724808911,,,,0.33,,,,,,,,,,,,,,,,,,,,,,,,,,,,,,,,,,,,,,,,
