"Interval"|"ms"|0|0|1,"Utc"|"ms"|0|0|1,"EngineTemp"|"F"|0|300|1,"OilTemp"|"F"|0|300|1,"OilPress"|"PSI"|0|150|25,"Battery"|"Volts"|0.0|20.0|1,"Battery"|"Volts"|0.0|20.0|1,"AccelX"|"G"|-3.0|3.0|25,"AccelY"|"G"|-3.0|3.0|25,"AccelZ"|"G"|-3.0|3.0|25,"Yaw"|"Deg/Sec"|-120|120|25,"Pitch"|"Deg/Sec"|-120|120|25,"Roll"|"Deg/Sec"|-120|120|25,"RPM"|""|0|10000|25,"RPM"|""|0|14000|1,"Latitude"|"Degrees"|-180.0|180.0|10,"Longitude"|"Degrees"|-180.0|180.0|10,"Speed"|"MPH"|0.0|150.0|10,"Altitude"|"ft"|0.0|4000.0|10,"GPSSats"|""|0|20|10,"GPSQual"|""|0|5|10,"GPSDOP"|""|0.0|20.0|10,"Distance"|"mi"|0.0|0.0|10,"LapCount"|""|0|0|10,"LapTime"|"Min"|0.0|0.0|10,"Sector"|""|0|0|10,"SectorTime"|"Min"|0.0|0.0|10,"PredTime"|"Min"|0.0|0.0|5,"ElapsedTime"|"Min"|0.0|0.0|10,"CurrentLap"|""|0|0|10
269922,0,,,0,,,0.02,0.02,0.99,1,0,22,0,,,,,,,,,,,,,,,,
269962,0,,,0,,,0.02,0.02,0.99,1,0,18,0,,,,,,,,,,,,,,,,
270002,0,,,0,,,0.02,0.02,0.99,0,0,15,0,,,,,,,,,,,,,,,,
270042,0,,,0,,,0.02,0.02,0.99,0,0,12,0,,,,,,,,,,,,,,,,
270082,0,,,0,,,0.02,0.02,0.99,0,0,9,0,,0.0,0.0,0.0,0.0,0,0,0.0,0.0,0,0.0,-1,0.0,0.0,0.0,0
270122,0,,,0,,,0.02,0.02,0.99,0,0,8,0,,,,,,,,,,,,,,,,
270162,0,,,0,,,0.02,0.02,0.99,0,-0,6,0,,,,,,,,,,,,,,,,
270202,0,,,0,,,0.02,0.02,0.99,0,0,5,0,,,,,,,,,,,,,,,,
270242,0,,,0,,,0.02,0.02,0.99,1,0,4,0,,,,,,,,,,,,,,,,
270282,0,,,0,,,0.02,0.02,0.99,0,0,3,0,,0.0,0.0,0.0,0.0,0,0,0.0,0.0,0,0.0,-1,0.0,0.0,0.0,0
270322,0,,,0,,,0.02,0.02,0.99,0,0,3,0,,,,,,,,,,,,,,,,
270362,0,,,0,,,0.02,0.02,0.99,0,0,2,0,,,,,,,,,,,,,,,,
270402,0,,,0,,,0.02,0.02,0.99,0,0,2,0,,,,,,,,,,,,,,,,
270442,0,,,0,,,0.03,0.02,0.99,0,-0,1,0,,,,,,,,,,,,,,,,
270482,0,,,0,,,0.03,0.02,0.99,0,-0,1,0,,0.0,0.0,0.0,0.0,0,0,0.0,0.0,0,0.0,-1,0.0,0.0,0.0,0
270522,0,,,0,,,0.03,0.02,0.99,0,-0,0,0,,,,,,,,,,,,,,,,
270562,0,,,0,,,0.03,0.02,0.99,0,-0,0,0,,,,,,,,,,,,,,,,
270602,0,,,0,,,0.02,0.02,0.99,0,-0,0,0,,,,,,,,,,,,,,,,
270642,0,,,0,,,0.02,0.02,0.99,0,-0,0,0,,,,,,,,,,,,,,,,
270682,0,,,0,,,0.02,0.02,0.99,0,-0,0,0,,0.0,0.0,0.0,0.0,0,0,0.0,0.0,0,0.0,-1,0.0,0.0,0.0,0
270722,0,,,0,,,0.02,0.02,0.99,0,-0,-0,0,,,,,,,,,,,,,,,,
270762,0,,,0,,,0.02,0.02,0.99,0,-0,-0,0,,,,,,,,,,,,,,,,
270802,0,,,0,,,0.02,0.02,0.99,0,-0,-0,0,,,,,,,,,,,,,,,,
270842,0,,,0,,,0.02,0.02,0.99,0,-0,-0,0,,,,,,,,,,,,,,,,
270882,0,284,300,0,0.0,5.16,0.02,0.02,0.99,0,-0,-0,0,-8146,0.0,0.0,0.0,0.0,0,0,0.0,0.0,0,0.0,-1,0.0,0.0,0.0,0
270922,0,,,0,,,0.02,0.02,0.99,0,-0,-0,0,,,,,,,,,,,,,,,,
270962,0,,,0,,,0.02,0.02,0.99,0,-0,-0,0,,,,,,,,,,,,,,,,
271002,0,,,0,,,0.02,0.02,0.99,0,-0,-0,0,,,,,,,,,,,,,,,,
271042,0,,,0,,,0.02,0.02,0.99,0,-0,-0,0,,,,,,,,,,,,,,,,
271082,0,,,0,,,0.02,0.02,0.99,0,-0,-0,0,,0.0,0.0,0.0,0.0,0,0,0.0,0.0,0,0.0,-1,0.0,0.0,0.0,0
271122,0,,,0,,,0.02,0.02,0.99,0,-0,-0,0,,,,,,,,,,,,,,,,
271162,0,,,0,,,0.02,0.02,0.99,0,-0,-0,0,,,,,,,,,,,,,,,,
271202,0,,,0,,,0.02,0.02,0.99,0,-0,-0,0,,,,,,,,,,,,,,,,
271242,0,,,0,,,0.02,0.02,0.99,0,-0,-0,0,,,,,,,,,,,,,,,,
271282,0,,,0,,,0.02,0.02,0.99,0,-0,-0,0,,0.0,0.0,0.0,0.0,0,0,0.0,0.0,0,0.0,-1,0.0,0.0,0.0,0
271322,0,,,0,,,0.02,0.02,0.99,0,-0,-0,0,,,,,,,,,,,,,,,,
271362,0,,,0,,,0.02,0.02,0.99,0,-0,-0,0,,,,,,,,,,,,,,,,
271402,0,,,0,,,0.02,0.02,0.99,0,-0,-0,0,,,,,,,,,,,,,,,,
271442,0,,,0,,,0.02,0.02,0.99,0,-0,-0,0,,,,,,,,,,,,,,,,
271482,0,,,0,,,0.02,0.02,0.99,0,-0,-0,0,,0.0,0.0,0.0,0.0,0,0,0.0,0.0,0,0.0,-1,0.0,0.0,0.0,0
271522,0,,,0,,,0.02,0.02,0.99,0,-0,-0,0,,,,,,,,,,,,,,,,
271562,0,,,0,,,0.02,0.02,0.99,0,-0,-0,0,,,,,,,,,,,,,,,,
271602,0,,,0,,,0.02,0.02,0.99,0,-0,-0,0,,,,,,,,,,,,,,,,
271642,0,,,0,,,0.02,0.02,0.99,0,-0,-0,0,,,,,,,,,,,,,,,,
271682,0,,,0,,,0.02,0.02,0.99,0,-0,-0,0,,0.0,0.0,0.0,0.0,0,0,0.0,0.0,0,0.0,-1,0.0,0.0,0.0,0
271722,0,,,0,,,0.02,0.02,0.99,0,-0,-0,0,,,,,,,,,,,,,,,,
271762,0,,,0,,,0.02,0.02,0.99,0,-0,-0,0,,,,,,,,,,,,,,,,
271802,0,,,0,,,0.02,0.02,0.99,0,-0,-0,0,,,,,,,,,,,,,,,,
271842,0,,,0,,,0.02,0.02,0.99,0,0,-0,0,,,,,,,,,,,,,,,,
271882,0,285,300,0,0.0,5.15,0.02,0.02,0.99,0,-0,-0,0,-8146,0.0,0.0,0.0,0.0,0,0,0.0,0.0,0,0.0,-1,0.0,0.0,0.0,0
271922,0,,,0,,,0.02,0.02,0.99,0,-0,-0,0,,,,,,,,,,,,,,,,
271962,0,,,0,,,0.02,0.02,0.99,0,-0,-0,0,,,,,,,,,,,,,,,,
272002,0,,,0,,,0.02,0.02,0.99,0,-0,-0,0,,,,,,,,,,,,,,,,
272042,0,,,0,,,0.02,0.02,0.99,0,-0,-0,0,,,,,,,,,,,,,,,,
272082,0,,,0,,,0.02,0.02,0.99,0,-0,-0,0,,0.0,0.0,0.0,0.0,0,0,0.0,0.0,0,0.0,-1,0.0,0.0,0.0,0
272122,0,,,0,,,0.02,0.02,0.99,0,-0,-0,0,,,,,,,,,,,,,,,,
272162,0,,,0,,,0.02,0.02,0.99,0,-0,-0,0,,,,,,,,,,,,,,,,
272202,0,,,0,,,0.02,0.02,0.99,0,-0,-0,0,,,,,,,,,,,,,,,,
272242,0,,,0,,,0.02,0.02,0.99,0,-0,-0,0,,,,,,,,,,,,,,,,
272282,0,,,0,,,0.02,0.02,0.99,0,-0,-0,0,,0.0,0.0,0.0,0.0,0,0,0.0,0.0,0,0.0,-1,0.0,0.0,0.0,0
272322,0,,,0,,,0.02,0.02,0.99,0,0,-0,0,,,,,,,,,,,,,,,,
272362,0,,,0,,,0.02,0.02,0.99,0,0,-0,0,,,,,,,,,,,,,,,,
272402,0,,,0,,,0.02,0.02,0.99,0,0,-0,0,,,,,,,,,,,,,,,,
272442,0,,,0,,,0.02,0.02,0.99,0,0,-0,0,,,,,,,,,,,,,,,,
272482,0,,,0,,,0.02,0.02,0.99,0,0,-0,0,,0.0,0.0,0.0,0.0,0,0,0.0,0.0,0,0.0,-1,0.0,0.0,0.0,0
272522,0,,,0,,,0.02,0.02,0.99,0,-0,-0,0,,,,,,,,,,,,,,,,
272562,0,,,0,,,0.02,0.02,0.99,0,0,-0,0,,,,,,,,,,,,,,,,
272602,0,,,0,,,0.02,0.02,0.99,0,0,-0,0,,,,,,,,,,,,,,,,
272642,0,,,0,,,0.02,0.02,0.99,0,0,-0,0,,,,,,,,,,,,,,,,
272682,0,,,0,,,0.02,0.02,0.99,0,0,-0,0,,0.0,0.0,0.0,0.0,0,0,0.0,0.0,0,0.0,-1,0.0,0.0,0.0,0
272722,0,,,0,,,0.02,0.02,0.99,0,0,-0,0,,,,,,,,,,,,,,,,
272762,0,,,0,,,0.02,0.02,0.99,0,-0,-0,0,,,,,,,,,,,,,,,,
272802,0,,,0,,,0.02,0.02,0.99,0,-0,-0,0,,,,,,,,,,,,,,,,
272842,0,,,0,,,0.02,0.02,0.99,0,0,-0,0,,,,,,,,,,,,,,,,
272882,0,285,300,0,0.0,5.15,0.02,0.02,0.99,0,0,-0,0,-8146,0.0,0.0,0.0,0.0,0,0,0.0,0.0,0,0.0,-1,0.0,0.0,0.0,0
272922,0,,,0,,,0.02,0.02,0.99,0,0,-0,0,,,,,,,,,,,,,,,,
272962,0,,,0,,,0.02,0.02,0.99,0,0,-0,0,,,,,,,,,,,,,,,,
273002,0,,,0,,,0.02,0.02,0.99,0,-0,-0,0,,,,,,,,,,,,,,,,
273042,0,,,0,,,0.02,0.02,0.99,0,-0,-0,0,,,,,,,,,,,,,,,,
273082,0,,,0,,,0.02,0.02,0.99,0,0,-0,0,,0.0,0.0,0.0,0.0,0,0,0.0,0.0,0,0.0,-1,0.0,0.0,0.0,0
273122,0,,,0,,,0.02,0.02,0.99,0,0,-0,0,,,,,,,,,,,,,,,,
273162,0,,,0,,,0.02,0.02,0.99,0,0,-0,0,,,,,,,,,,,,,,,,
273202,0,,,0,,,0.02,0.02,0.99,0,0,-0,0,,,,,,,,,,,,,,,,
273242,0,,,0,,,0.02,0.02,0.99,0,-0,-0,0,,,,,,,,,,,,,,,,
273282,0,,,0,,,0.02,0.02,0.99,0,-0,-0,0,,0.0,0.0,0.0,0.0,0,0,0.0,0.0,0,0.0,-1,0.0,0.0,0.0,0
273322,0,,,0,,,0.02,0.02,0.99,0,-0,-0,0,,,,,,,,,,,,,,,,
273362,0,,,0,,,0.02,0.02,0.99,0,0,-0,0,,,,,,,,,,,,,,,,
273402,0,,,0,,,0.02,0.02,0.99,0,0,-0,0,,,,,,,,,,,,,,,,
273442,0,,,0,,,0.02,0.02,0.99,0,0,-0,0,,,,,,,,,,,,,,,,
273482,0,,,0,,,0.02,0.02,0.99,0,0,-0,0,,0.0,0.0,0.0,0.0,0,0,0.0,0.0,0,0.0,-1,0.0,0.0,0.0,0
273522,0,,,0,,,0.02,0.02,0.99,0,0,-0,0,,,,,,,,,,,,,,,,
273562,0,,,0,,,0.02,0.02,0.99,0,0,-0,0,,,,,,,,,,,,,,,,
273602,0,,,0,,,0.02,0.02,0.99,0,0,-0,0,,,,,,,,,,,,,,,,
273642,0,,,0,,,0.02,0.02,0.99,0,0,-0,0,,,,,,,,,,,,,,,,
273682,0,,,0,,,0.02,0.02,0.99,0,0,-0,0,,0.0,0.0,0.0,0.0,0,0,0.0,0.0,0,0.0,-1,0.0,0.0,0.0,0
273722,0,,,0,,,0.02,0.02,0.99,0,0,-0,0,,,,,,,,,,,,,,,,
273762,0,,,0,,,0.02,0.02,0.99,0,0,-0,0,,,,,,,,,,,,,,,,
273802,0,,,0,,,0.02,0.02,0.99,0,0,-0,0,,,,,,,,,,,,,,,,
273842,0,,,0,,,0.02,0.02,0.99,0,0,-0,0,,,,,,,,,,,,,,,,
273882,0,285,300,0,0.0,5.17,0.02,0.02,0.99,0,0,-0,0,-8146,0.0,0.0,0.0,0.0,0,0,0.0,0.0,0,0.0,-1,0.0,0.0,0.0,0
273922,0,,,0,,,0.02,0.02,0.99,0,0,-0,0,,,,,,,,,,,,,,,,
273962,0,,,0,,,0.02,0.02,0.99,0,0,-0,0,,,,,,,,,,,,,,,,
274002,0,,,0,,,0.02,0.02,0.99,0,0,-0,0,,,,,,,,,,,,,,,,
274042,0,,,0,,,0.02,0.02,0.99,0,0,-0,0,,,,,,,,,,,,,,,,
274082,0,,,0,,,0.02,0.02,0.99,0,0,-0,0,,0.0,0.0,0.0,0.0,0,0,0.0,0.0,0,0.0,-1,0.0,0.0,0.0,0
274122,0,,,0,,,0.02,0.02,0.99,0,0,-0,0,,,,,,,,,,,,,,,,
274162,0,,,0,,,0.02,0.02,0.99,0,0,-0,0,,,,,,,,,,,,,,,,
274202,0,,,0,,,0.02,0.02,0.99,0,0,-0,0,,,,,,,,,,,,,,,,
274242,0,,,0,,,0.02,0.02,0.99,0,-0,-0,0,,,,,,,,,,,,,,,,
274282,0,,,0,,,0.02,0.02,0.99,0,-0,-0,0,,0.0,0.0,0.0,0.0,0,0,0.0,0.0,0,0.0,-1,0.0,0.0,0.0,0
274322,0,,,0,,,0.02,0.02,0.99,0,-0,-0,0,,,,,,,,,,,,,,,,
274362,0,,,0,,,0.02,0.02,0.99,0,0,-0,0,,,,,,,,,,,,,,,,
274402,0,,,0,,,0.02,0.02,0.99,0,-0,-0,0,,,,,,,,,,,,,,,,
274442,0,,,0,,,0.02,0.02,0.99,0,-0,-0,0,,,,,,,,,,,,,,,,
274482,0,,,0,,,0.02,0.02,0.99,0,-0,-0,0,,0.0,0.0,0.0,0.0,0,0,0.0,0.0,0,0.0,-1,0.0,0.0,0.0,0
274522,0,,,0,,,0.02,0.02,0.99,0,-0,-0,0,,,,,,,,,,,,,,,,
274562,0,,,0,,,0.02,0.02,0.99,0,-0,-0,0,,,,,,,,,,,,,,,,
274602,0,,,0,,,0.02,0.02,0.99,0,-0,-0,0,,,,,,,,,,,,,,,,
274642,0,,,0,,,0.02,0.02,0.99,0,-0,-0,0,,,,,,,,,,,,,,,,
274682,0,,,0,,,0.02,0.02,0.99,0,-0,-0,0,,0.0,0.0,0.0,0.0,0,0,0.0,0.0,0,0.0,-1,0.0,0.0,0.0,0
274722,0,,,0,,,0.02,0.02,0.99,0,-0,-0,0,,,,,,,,,,,,,,,,
274762,0,,,0,,,0.02,0.02,0.99,0,0,-0,0,,,,,,,,,,,,,,,,
274802,0,,,0,,,0.02,0.02,0.99,0,0,-0,0,,,,,,,,,,,,,,,,
274842,0,,,0,,,0.02,0.02,0.99,0,0,-0,0,,,,,,,,,,,,,,,,
274882,0,285,300,0,0.0,5.14,0.02,0.02,0.99,0,0,-0,0,-8146,0.0,0.0,0.0,0.0,0,0,0.0,0.0,0,0.0,-1,0.0,0.0,0.0,0
274922,0,,,0,,,0.02,0.02,0.99,0,-0,-0,0,,,,,,,,,,,,,,,,
274962,0,,,0,,,0.02,0.02,0.99,0,-0,-0,0,,,,,,,,,,,,,,,,
275002,0,,,0,,,0.02,0.02,0.99,0,-0,-0,0,,,,,,,,,,,,,,,,
275042,0,,,0,,,0.02,0.02,0.99,0,-0,-0,0,,,,,,,,,,,,,,,,
275082,0,,,0,,,0.02,0.02,0.99,0,-0,-0,0,,0.0,0.0,0.0,0.0,0,0,0.0,0.0,0,0.0,-1,0.0,0.0,0.0,0
275122,0,,,0,,,0.02,0.02,0.99,0,0,-0,0,,,,,,,,,,,,,,,,
275162,0,,,0,,,0.02,0.02,0.99,0,-0,-0,0,,,,,,,,,,,,,,,,
275202,0,,,0,,,0.02,0.02,0.99,0,-0,-0,0,,,,,,,,,,,,,,,,
275242,0,,,0,,,0.02,0.02,0.99,0,-0,-0,0,,,,,,,,,,,,,,,,
275282,0,,,0,,,0.02,0.02,0.99,0,0,-0,0,,0.0,0.0,0.0,0.0,0,0,0.0,0.0,0,0.0,-1,0.0,0.0,0.0,0
275322,0,,,0,,,0.02,0.02,0.99,0,0,-0,0,,,,,,,,,,,,,,,,
275362,0,,,0,,,0.02,0.02,0.99,0,-0,-0,0,,,,,,,,,,,,,,,,
275402,0,,,0,,,0.02,0.02,0.99,0,-0,-0,0,,,,,,,,,,,,,,,,
275442,0,,,0,,,0.02,0.02,0.99,0,-0,-0,0,,,,,,,,,,,,,,,,
275482,0,,,0,,,0.02,0.02,0.99,0,-0,-0,0,,0.0,0.0,0.0,0.0,0,0,0.0,0.0,0,0.0,-1,0.0,0.0,0.0,0
275522,0,,,0,,,0.02,0.02,0.99,0,0,-0,0,,,,,,,,,,,,,,,,
275562,0,,,0,,,0.02,0.02,0.99,0,0,-0,0,,,,,,,,,,,,,,,,
275602,0,,,0,,,0.02,0.02,0.99,0,0,-0,0,,,,,,,,,,,,,,,,
275642,0,,,0,,,0.02,0.02,0.99,0,0,-0,0,,,,,,,,,,,,,,,,
275682,0,,,0,,,0.02,0.02,0.99,0,-0,-0,0,,0.0,0.0,0.0,0.0,0,0,0.0,0.0,0,0.0,-1,0.0,0.0,0.0,0
275722,0,,,0,,,0.02,0.02,0.99,0,-0,-0,0,,,,,,,,,,,,,,,,
275762,0,,,0,,,0.02,0.02,0.99,0,-0,-0,0,,,,,,,,,,,,,,,,
275802,0,,,0,,,0.02,0.02,0.99,0,-0,-0,0,,,,,,,,,,,,,,,,
275842,0,,,0,,,0.02,0.02,0.99,0,-0,-0,0,,,,,,,,,,,,,,,,
275882,0,285,300,0,0.0,5.17,0.02,0.02,0.99,0,-0,-0,0,-8146,0.0,0.0,0.0,0.0,0,0,0.0,0.0,0,0.0,-1,0.0,0.0,0.0,0
275922,0,,,0,,,0.02,0.02,0.99,0,-0,-0,0,,,,,,,,,,,,,,,,
275962,0,,,0,,,0.02,0.02,0.99,0,0,-0,0,,,,,,,,,,,,,,,,
276002,0,,,0,,,0.02,0.02,0.99,0,-0,-0,0,,,,,,,,,,,,,,,,
276042,0,,,0,,,0.02,0.02,0.99,0,0,-0,0,,,,,,,,,,,,,,,,
276082,0,,,0,,,0.02,0.02,0.99,0,0,-0,0,,0.0,0.0,0.0,0.0,0,0,0.0,0.0,0,0.0,-1,0.0,0.0,0.0,0
276122,0,,,0,,,0.02,0.02,0.99,0,0,-0,0,,,,,,,,,,,,,,,,
276162,0,,,0,,,0.02,0.02,0.99,0,0,-0,0,,,,,,,,,,,,,,,,
276202,0,,,0,,,0.02,0.02,0.99,0,-0,-0,0,,,,,,,,,,,,,,,,
276242,0,,,0,,,0.02,0.02,0.99,0,-0,-0,0,,,,,,,,,,,,,,,,
276282,0,,,0,,,0.02,0.02,0.99,0,-0,-0,0,,0.0,0.0,0.0,0.0,0,0,0.0,0.0,0,0.0,-1,0.0,0.0,0.0,0
276322,0,,,0,,,0.02,0.02,0.99,0,-0,-0,0,,,,,,,,,,,,,,,,
276362,0,,,0,,,0.02,0.02,0.99,0,-0,-0,0,,,,,,,,,,,,,,,,
276402,0,,,0,,,0.02,0.02,0.99,0,-0,-0,0,,,,,,,,,,,,,,,,
276442,0,,,0,,,0.02,0.02,0.99,0,-0,-0,0,,,,,,,,,,,,,,,,
276482,0,,,0,,,0.02,0.02,0.99,0,-0,-0,0,,0.0,0.0,0.0,0.0,0,0,0.0,0.0,0,0.0,-1,0.0,0.0,0.0,0
276522,0,,,0,,,0.02,0.02,0.99,0,0,-0,0,,,,,,,,,,,,,,,,
276562,0,,,0,,,0.02,0.02,0.99,0,0,-0,0,,,,,,,,,,,,,,,,
276602,0,,,0,,,0.01,0.02,1.02,0,2,2,0,,,,,,,,,,,,,,,,
276642,0,,,0,,,0.01,0.02,1.02,0,1,1,0,,,,,,,,,,,,,,,,
276682,0,,,0,,,0.01,0.02,1.01,0,1,1,0,,0.0,0.0,0.0,0.0,0,0,0.0,0.0,0,0.0,-1,0.0,0.0,0.0,0
276722,0,,,0,,,0.02,0.02,1.01,-0,1,1,0,,,,,,,,,,,,,,,,
276762,0,,,0,,,0.01,0.02,1.0,0,0,0,0,,,,,,,,,,,,,,,,
276802,0,,,0,,,0.01,0.02,1.0,0,0,0,0,,,,,,,,,,,,,,,,
276842,0,,,0,,,0.01,0.02,1.0,0,0,0,0,,,,,,,,,,,,,,,,
276882,0,288,302,0,0.0,5.14,0.02,0.02,1.0,0,0,0,0,-8146,0.0,0.0,0.0,0.0,0,0,0.0,0.0,0,0.0,-1,0.0,0.0,0.0,0
276922,0,,,0,,,0.01,0.02,1.0,0,0,0,0,,,,,,,,,,,,,,,,
276962,0,,,0,,,0.02,0.02,1.0,0,0,0,0,,,,,,,,,,,,,,,,
277002,0,,,0,,,0.02,0.02,0.99,0,0,-0,0,,,,,,,,,,,,,,,,
277042,0,,,0,,,0.01,0.02,0.99,0,0,-0,0,,,,,,,,,,,,,,,,
277082,0,,,0,,,0.02,0.02,0.99,0,0,-0,0,,0.0,0.0,0.0,0.0,0,0,0.0,0.0,0,0.0,-1,0.0,0.0,0.0,0
277122,0,,,0,,,0.02,0.02,0.99,0,0,-0,0,,,,,,,,,,,,,,,,
277162,0,,,0,,,0.02,0.02,0.99,0,0,-0,0,,,,,,,,,,,,,,,,
277202,0,,,0,,,0.02,0.02,0.99,0,0,-0,0,,,,,,,,,,,,,,,,
277242,0,,,0,,,0.02,0.02,0.99,0,0,-0,0,,,,,,,,,,,,,,,,
277282,0,,,0,,,0.02,0.02,0.99,0,0,-0,0,,0.0,0.0,0.0,0.0,0,0,0.0,0.0,0,0.0,-1,0.0,0.0,0.0,0
277322,0,,,0,,,0.02,0.02,0.99,0,0,-0,0,,,,,,,,,,,,,,,,
277362,0,,,0,,,0.02,0.02,0.99,0,0,-0,0,,,,,,,,,,,,,,,,
277402,0,,,0,,,0.02,0.02,0.99,0,0,-0,0,,,,,,,,,,,,,,,,
277442,0,,,0,,,0.02,0.02,0.99,0,0,-0,0,,,,,,,,,,,,,,,,
277482,0,,,0,,,0.02,0.02,0.99,0,0,-0,0,,0.0,0.0,0.0,0.0,0,0,0.0,0.0,0,0.0,-1,0.0,0.0,0.0,0
277522,0,,,0,,,0.02,0.02,0.99,0,0,-0,0,,,,,,,,,,,,,,,,
277562,0,,,0,,,0.02,0.02,0.99,0,0,-0,0,,,,,,,,,,,,,,,,
277602,0,,,0,,,0.02,0.02,0.99,0,0,-0,0,,,,,,,,,,,,,,,,
277642,0,,,0,,,0.02,0.02,0.99,0,0,-0,0,,,,,,,,,,,,,,,,
277682,0,,,0,,,0.02,0.02,0.99,0,0,-0,0,,0.0,0.0,0.0,0.0,0,0,0.0,0.0,0,0.0,-1,0.0,0.0,0.0,0
277722,0,,,0,,,0.02,0.02,0.99,0,0,-0,0,,,,,,,,,,,,,,,,
277762,0,,,0,,,0.02,0.02,0.99,0,0,-0,0,,,,,,,,,,,,,,,,
277802,0,,,0,,,0.02,0.02,0.99,0,0,-0,0,,,,,,,,,,,,,,,,
277842,0,,,0,,,0.02,0.02,0.99,0,0,-0,0,,,,,,,,,,,,,,,,
277882,0,288,302,0,0.0,5.16,0.02,0.02,0.99,0,0,-0,0,-8146,0.0,0.0,0.0,0.0,0,0,0.0,0.0,0,0.0,-1,0.0,0.0,0.0,0
277922,0,,,0,,,0.02,0.02,0.99,0,0,-0,0,,,,,,,,,,,,,,,,
277962,0,,,0,,,0.02,0.02,0.99,0,0,-0,0,,,,,,,,,,,,,,,,
278002,0,,,0,,,0.02,0.02,0.99,0,0,-0,0,,,,,,,,,,,,,,,,
278042,0,,,0,,,0.02,0.02,0.99,0,0,-0,0,,,,,,,,,,,,,,,,
278082,0,,,0,,,0.02,0.02,0.99,0,0,-0,0,,0.0,0.0,0.0,0.0,0,0,0.0,0.0,0,0.0,-1,0.0,0.0,0.0,0
278122,0,,,0,,,0.02,0.02,0.99,0,0,-0,0,,,,,,,,,,,,,,,,
278162,0,,,0,,,0.02,0.02,0.99,0,-0,-0,0,,,,,,,,,,,,,,,,
278202,0,,,0,,,0.02,0.02,0.99,0,-0,-0,0,,,,,,,,,,,,,,,,
278242,0,,,0,,,0.02,0.02,0.99,0,0,-0,0,,,,,,,,,,,,,,,,
278282,0,,,0,,,0.02,0.02,0.99,0,0,-0,0,,0.0,0.0,0.0,0.0,0,0,0.0,0.0,0,0.0,-1,0.0,0.0,0.0,0
278322,0,,,0,,,0.02,0.02,0.99,0,0,-0,0,,,,,,,,,,,,,,,,
278362,0,,,0,,,0.02,0.02,0.99,0,0,-0,0,,,,,,,,,,,,,,,,
278402,0,,,0,,,0.02,0.02,0.99,0,0,-0,0,,,,,,,,,,,,,,,,
278442,0,,,0,,,0.02,0.02,0.99,0,0,-0,0,,,,,,,,,,,,,,,,
278482,0,,,0,,,0.02,0.02,0.99,0,0,-0,0,,0.0,0.0,0.0,0.0,0,0,0.0,0.0,0,0.0,-1,0.0,0.0,0.0,0
278522,0,,,0,,,0.02,0.02,0.99,0,0,-0,0,,,,,,,,,,,,,,,,
278562,0,,,0,,,0.02,0.02,0.99,0,0,-0,0,,,,,,,,,,,,,,,,
278602,0,,,0,,,0.02,0.02,0.99,0,0,-0,0,,,,,,,,,,,,,,,,
278642,0,,,0,,,0.02,0.02,0.99,0,0,-0,0,,,,,,,,,,,,,,,,
278682,0,,,0,,,0.02,0.02,0.99,0,0,-0,0,,0.0,0.0,0.0,0.0,0,0,0.0,0.0,0,0.0,-1,0.0,0.0,0.0,0
278722,0,,,0,,,0.02,0.02,0.99,0,-0,-0,0,,,,,,,,,,,,,,,,
278762,0,,,0,,,0.02,0.02,0.99,0,-0,-0,0,,,,,,,,,,,,,,,,
278802,0,,,0,,,0.02,0.02,0.99,0,-0,-0,0,,,,,,,,,,,,,,,,
278842,0,,,0,,,0.02,0.02,0.99,0,-0,-0,0,,,,,,,,,,,,,,,,
278882,0,288,302,0,0.0,5.14,0.02,0.02,0.99,0,-0,-0,0,-8146,0.0,0.0,0.0,0.0,0,0,0.0,0.0,0,0.0,-1,0.0,0.0,0.0,0
278922,0,,,0,,,0.02,0.02,0.99,0,-0,-0,0,,,,,,,,,,,,,,,,
278962,0,,,0,,,0.02,0.02,0.99,0,0,-0,0,,,,,,,,,,,,,,,,
279002,0,,,0,,,0.02,0.02,0.99,0,-0,-0,0,,,,,,,,,,,,,,,,
279042,0,,,0,,,0.02,0.02,0.99,0,0,-0,0,,,,,,,,,,,,,,,,
279082,0,,,0,,,0.02,0.02,0.99,0,-0,-0,0,,0.0,0.0,0.0,0.0,0,0,0.0,0.0,0,0.0,-1,0.0,0.0,0.0,0
279122,0,,,0,,,0.02,0.02,0.99,0,-0,-0,0,,,,,,,,,,,,,,,,
279162,0,,,0,,,0.02,0.02,0.99,0,0,-0,0,,,,,,,,,,,,,,,,
279202,0,,,0,,,0.02,0.02,0.99,0,-0,-0,0,,,,,,,,,,,,,,,,
279242,0,,,0,,,0.02,0.02,0.99,0,-0,-0,0,,,,,,,,,,,,,,,,
279282,0,,,0,,,0.02,0.02,0.99,0,-0,-0,0,,0.0,0.0,0.0,0.0,0,0,0.0,0.0,0,0.0,-1,0.0,0.0,0.0,0
279322,0,,,0,,,0.02,0.02,0.99,0,-0,-0,0,,,,,,,,,,,,,,,,
279362,0,,,0,,,0.02,0.02,0.99,0,0,-0,0,,,,,,,,,,,,,,,,
279402,0,,,0,,,0.02,0.02,0.99,0,0,-0,0,,,,,,,,,,,,,,,,
279442,0,,,0,,,0.02,0.02,0.99,0,0,-0,0,,,,,,,,,,,,,,,,
279482,0,,,0,,,0.02,0.02,0.99,0,0,-0,0,,0.0,0.0,0.0,0.0,0,0,0.0,0.0,0,0.0,-1,0.0,0.0,0.0,0
279522,0,,,0,,,0.02,0.02,0.99,0,0,-0,0,,,,,,,,,,,,,,,,
279562,0,,,0,,,0.02,0.02,0.99,0,0,-0,0,,,,,,,,,,,,,,,,
279602,0,,,0,,,0.02,0.02,0.99,0,0,-0,0,,,,,,,,,,,,,,,,
279642,0,,,0,,,0.02,0.02,0.99,0,0,-0,0,,,,,,,,,,,,,,,,
279682,0,,,0,,,0.02,0.02,0.99,0,-0,-0,0,,0.0,0.0,0.0,0.0,0,0,0.0,0.0,0,0.0,-1,0.0,0.0,0.0,0
279722,0,,,0,,,0.02,0.02,0.99,0,-0,-0,0,,,,,,,,,,,,,,,,
279762,0,,,0,,,0.02,0.02,0.99,0,-0,-0,0,,,,,,,,,,,,,,,,
279802,0,,,0,,,0.02,0.02,0.99,0,-0,-0,0,,,,,,,,,,,,,,,,
279842,0,,,0,,,0.02,0.02,0.99,0,-0,-0,0,,,,,,,,,,,,,,,,
279882,0,288,302,0,0.0,5.15,0.02,0.02,0.99,0,-0,-0,0,-8146,0.0,0.0,0.0,0.0,0,0,0.0,0.0,0,0.0,-1,0.0,0.0,0.0,0
279922,0,,,0,,,0.02,0.02,0.99,0,0,-0,0,,,,,,,,,,,,,,,,
279962,0,,,0,,,0.02,0.02,0.99,0,0,-0,0,,,,,,,,,,,,,,,,
280002,0,,,0,,,0.02,0.02,0.99,0,0,-0,0,,,,,,,,,,,,,,,,
280042,0,,,0,,,0.02,0.02,0.99,0,0,-0,0,,,,,,,,,,,,,,,,
280082,0,,,0,,,0.02,0.02,0.99,0,0,-0,0,,0.0,0.0,0.0,0.0,0,0,0.0,0.0,0,0.0,-1,0.0,0.0,0.0,0
280122,0,,,0,,,0.02,0.02,0.99,0,-0,-0,0,,,,,,,,,,,,,,,,
280162,0,,,0,,,0.02,0.02,0.99,0,-0,-0,0,,,,,,,,,,,,,,,,
280202,0,,,0,,,0.02,0.02,0.99,0,-0,-0,0,,,,,,,,,,,,,,,,
280242,0,,,0,,,0.02,0.02,0.99,0,-0,-0,0,,,,,,,,,,,,,,,,
280282,0,,,0,,,0.02,0.02,0.99,0,-0,-0,0,,0.0,0.0,0.0,0.0,0,0,0.0,0.0,0,0.0,-1,0.0,0.0,0.0,0
280322,0,,,0,,,0.02,0.02,0.99,0,0,-0,0,,,,,,,,,,,,,,,,
280362,0,,,0,,,0.02,0.02,0.99,0,0,-0,0,,,,,,,,,,,,,,,,
280402,0,,,0,,,0.02,0.02,0.99,0,0,-0,0,,,,,,,,,,,,,,,,
280442,0,,,0,,,0.02,0.02,0.99,0,-0,-0,0,,,,,,,,,,,,,,,,
280482,0,,,0,,,0.02,0.02,0.99,0,-0,-0,0,,0.0,0.0,0.0,0.0,0,0,0.0,0.0,0,0.0,-1,0.0,0.0,0.0,0
280522,0,,,0,,,0.02,0.02,0.99,0,-0,-0,0,,,,,,,,,,,,,,,,
280562,0,,,0,,,0.02,0.02,0.99,0,-0,-0,0,,,,,,,,,,,,,,,,
280602,0,,,0,,,0.02,0.02,0.99,0,-0,-0,0,,,,,,,,,,,,,,,,
280642,0,,,0,,,0.02,0.02,0.99,0,0,-0,0,,,,,,,,,,,,,,,,
