"Interval"|"ms"|0|0|1,"Utc"|"ms"|0|0|1,"EngineTemp"|"F"|0|300|1,"OilTemp"|"F"|0|300|1,"OilPress"|"PSI"|0|150|25,"Battery"|"Volts"|0.0|20.0|1,"Battery"|"Volts"|0.0|20.0|1,"AccelX"|"G"|-3.0|3.0|25,"AccelY"|"G"|-3.0|3.0|25,"AccelZ"|"G"|-3.0|3.0|25,"Yaw"|"Deg/Sec"|-120|120|25,"Pitch"|"Deg/Sec"|-120|120|25,"Roll"|"Deg/Sec"|-120|120|25,"RPM"|""|0|10000|25,"RPM"|""|0|14000|1,"Latitude"|"Degrees"|-180.0|180.0|10,"Longitude"|"Degrees"|-180.0|180.0|10,"Speed"|"MPH"|0.0|150.0|10,"Altitude"|"ft"|0.0|4000.0|10,"GPSSats"|""|0|20|10,"GPSQual"|""|0|5|10,"GPSDOP"|""|0.0|20.0|10,"Distance"|"mi"|0.0|0.0|10,"LapCount"|""|0|0|10,"LapTime"|"Min"|0.0|0.0|10,"Sector"|""|0|0|10,"SectorTime"|"Min"|0.0|0.0|10,"PredTime"|"Min"|0.0|0.0|5,"ElapsedTime"|"Min"|0.0|0.0|10,"CurrentLap"|""|0|0|10
288722,0,,,0,,,0.02,0.02,0.99,0,0,10,0,,,,,,,,,,,,,,,,
288762,0,,,0,,,0.02,0.02,0.99,0,0,8,0,,,,,,,,,,,,,,,,
288802,0,,,0,,,0.02,0.02,0.99,0,0,7,0,,,,,,,,,,,,,,,,
288842,0,,,0,,,0.02,0.02,0.99,0,0,5,0,,,,,,,,,,,,,,,,
288882,0,287,302,0,0.0,5.14,0.02,0.02,0.99,0,0,4,0,-8146,0.0,0.0,0.0,0.0,0,0,0.0,0.0,0,0.0,-1,0.0,0.0,0.0,0
288922,0,,,0,,,0.02,0.02,0.99,0,-0,3,0,,,,,,,,,,,,,,,,
288962,0,,,0,,,0.02,0.02,0.99,0,0,3,0,,,,,,,,,,,,,,,,
289002,0,,,0,,,0.02,0.02,0.99,0,0,2,0,,,,,,,,,,,,,,,,
289042,0,,,0,,,0.02,0.02,0.99,0,0,2,0,,,,,,,,,,,,,,,,
289082,0,,,0,,,0.02,0.02,0.99,0,-0,1,0,,0.0,0.0,0.0,0.0,0,0,0.0,0.0,0,0.0,-1,0.0,0.0,0.0,0
289122,0,,,0,,,0.02,0.02,0.99,0,-0,1,0,,,,,,,,,,,,,,,,
289162,0,,,0,,,0.02,0.02,0.99,0,0,1,0,,,,,,,,,,,,,,,,
289202,0,,,0,,,0.02,0.02,0.99,0,-0,1,0,,,,,,,,,,,,,,,,
289242,0,,,0,,,0.02,0.02,0.99,0,0,0,0,,,,,,,,,,,,,,,,
289282,0,,,0,,,0.02,0.02,0.99,0,0,0,0,,0.0,0.0,0.0,0.0,0,0,0.0,0.0,0,0.0,-1,0.0,0.0,0.0,0
289322,0,,,0,,,0.02,0.02,0.99,0,0,0,0,,,,,,,,,,,,,,,,
289362,0,,,0,,,0.02,0.02,0.99,0,0,0,0,,,,,,,,,,,,,,,,
289402,0,,,0,,,0.02,0.02,0.99,0,0,0,0,,,,,,,,,,,,,,,,
289442,0,,,0,,,0.02,0.02,0.99,0,0,-0,0,,,,,,,,,,,,,,,,
289482,0,,,0,,,0.02,0.02,0.99,0,0,-0,0,,0.0,0.0,0.0,0.0,0,0,0.0,0.0,0,0.0,-1,0.0,0.0,0.0,0
289522,0,,,0,,,0.02,0.02,0.99,0,0,-0,0,,,,,,,,,,,,,,,,
289562,0,,,0,,,0.02,0.02,0.99,0,0,-0,0,,,,,,,,,,,,,,,,
289602,0,,,0,,,0.01,0.02,0.99,0,0,-0,0,,,,,,,,,,,,,,,,
289642,0,,,0,,,0.02,0.02,0.99,0,0,-0,0,,,,,,,,,,,,,,,,
289682,0,,,0,,,0.02,0.02,0.99,0,-0,-0,0,,0.0,0.0,0.0,0.0,0,0,0.0,0.0,0,0.0,-1,0.0,0.0,0.0,0
289722,0,,,0,,,0.01,0.02,0.99,0,0,-0,0,,,,,,,,,,,,,,,,
289762,0,,,0,,,0.01,0.02,0.99,0,-0,-0,0,,,,,,,,,,,,,,,,
289802,0,,,0,,,0.01,0.02,0.99,0,-0,-0,0,,,,,,,,,,,,,,,,
289842,0,,,0,,,0.01,0.02,0.99,0,0,-0,0,,,,,,,,,,,,,,,,
289882,0,287,302,0,0.0,5.16,0.01,0.02,0.99,0,-0,-0,0,-8146,0.0,0.0,0.0,0.0,0,0,0.0,0.0,0,0.0,-1,0.0,0.0,0.0,0
289922,0,,,0,,,0.02,0.02,0.99,0,-0,-0,0,,,,,,,,,,,,,,,,
289962,0,,,0,,,0.02,0.02,0.99,0,0,-0,0,,,,,,,,,,,,,,,,
290002,0,,,0,,,0.02,0.02,0.99,0,-1,-1,0,,,,,,,,,,,,,,,,
290042,0,,,0,,,0.02,0.02,0.98,0,-0,-1,0,,,,,,,,,,,,,,,,
290082,0,,,0,,,0.02,0.02,0.98,1,-0,-1,0,,0.0,0.0,0.0,0.0,0,0,0.0,0.0,0,0.0,-1,0.0,0.0,0.0,0
290122,0,,,0,,,0.02,0.02,0.99,1,-0,-0,0,,,,,,,,,,,,,,,,
290162,0,,,0,,,0.02,0.01,0.98,0,1,0,0,,,,,,,,,,,,,,,,
290202,0,,,0,,,0.02,0.01,0.98,0,1,0,0,,,,,,,,,,,,,,,,
290242,0,,,0,,,0.02,0.01,0.98,0,1,0,0,,,,,,,,,,,,,,,,
290282,0,,,0,,,0.02,0.02,0.98,0,0,0,0,,0.0,0.0,0.0,0.0,0,0,0.0,0.0,0,0.0,-1,0.0,0.0,0.0,0
290322,0,,,0,,,0.02,0.02,0.98,0,0,0,0,,,,,,,,,,,,,,,,
290362,0,,,0,,,0.02,0.02,0.98,0,0,0,0,,,,,,,,,,,,,,,,
290402,0,,,0,,,0.02,0.02,0.98,0,0,-0,0,,,,,,,,,,,,,,,,
290442,0,,,0,,,0.02,0.02,0.98,0,0,-0,0,,,,,,,,,,,,,,,,
290482,0,,,0,,,0.02,0.02,0.98,0,0,-0,0,,0.0,0.0,0.0,0.0,0,0,0.0,0.0,0,0.0,-1,0.0,0.0,0.0,0
290522,0,,,0,,,0.02,0.02,0.99,0,0,-0,0,,,,,,,,,,,,,,,,
290562,0,,,0,,,0.02,0.02,0.99,0,0,-0,0,,,,,,,,,,,,,,,,
290602,0,,,0,,,0.02,0.02,0.98,0,0,-0,0,,,,,,,,,,,,,,,,
290642,0,,,0,,,0.02,0.02,0.99,0,0,-0,0,,,,,,,,,,,,,,,,
290682,0,,,0,,,0.02,0.02,0.99,0,-0,-0,0,,0.0,0.0,0.0,0.0,0,0,0.0,0.0,0,0.0,-1,0.0,0.0,0.0,0
290722,0,,,0,,,0.02,0.02,0.99,0,-0,-0,0,,,,,,,,,,,,,,,,
290762,0,,,0,,,0.02,0.02,0.99,0,-0,-0,0,,,,,,,,,,,,,,,,
290802,0,,,0,,,0.02,0.02,0.99,0,-0,-0,0,,,,,,,,,,,,,,,,
290842,0,,,0,,,0.02,0.02,0.99,0,-0,-0,0,,,,,,,,,,,,,,,,
