99,0,0,-0,0,,0.0,0.0,0.0,0.0,0,0,0.0,0.0,0,0.0,-1,0.0,0.0,0.0,0
"Interval"|"ms"|0|0|1,"Utc"|"ms"|0|0|1,"EngineTemp"|"F"|0|300|1,"OilTemp"|"F"|0|300|1,"OilPress"|"PSI"|0|150|25,"Battery"|"Volts"|0.0|20.0|1,"Battery"|"Volts"|0.0|20.0|1,"AccelX"|"G"|-3.0|3.0|25,"AccelY"|"G"|-3.0|3.0|25,"AccelZ"|"G"|-3.0|3.0|25,"Yaw"|"Deg/Sec"|-120|120|25,"Pitch"|"Deg/Sec"|-120|120|25,"Roll"|"Deg/Sec"|-120|120|25,"RPM"|""|0|10000|25,"RPM"|""|0|14000|1,"Latitude"|"Degrees"|-180.0|180.0|10,"Longitude"|"Degrees"|-180.0|180.0|10,"Speed"|"MPH"|0.0|150.0|10,"Altitude"|"ft"|0.0|4000.0|10,"GPSSats"|""|0|20|10,"GPSQual"|""|0|5|10,"GPSDOP"|""|0.0|20.0|10,"Distance"|"mi"|0.0|0.0|10,"LapCount"|""|0|0|10,"LapTime"|"Min"|0.0|0.0|10,"Sector"|""|0|0|10,"SectorTime"|"Min"|0.0|0.0|10,"PredTime"|"Min"|0.0|0.0|5,"ElapsedTime"|"Min"|0.0|0.0|10,"CurrentLap"|""|0|0|10
417642,0,,,0,,,0.02,0.02,0.99,0,0,0,0,,,,,,,,,,,,,,,,
417682,0,,,0,,,0.01,0.02,0.99,0,-0,-0,0,,0.0,0.0,0.0,0.0,0,0,0.0,0.0,0,0.0,-1,0.0,0.0,0.0,0
417722,0,,,0,,,0.01,0.02,0.99,0,-0,-0,0,,,,,,,,,,,,,,,,
417762,0,,,0,,,0.01,0.02,0.99,0,-0,-0,0,,,,,,,,,,,,,,,,
417802,0,,,0,,,0.01,0.02,0.99,0,-0,-0,0,,,,,,,,,,,,,,,,
417842,0,,,0,,,0.02,0.02,0.99,0,0,-0,0,,,,,,,,,,,,,,,,
417882,0,277,296,0,0.0,5.15,0.02,0.02,0.99,0,-0,-0,0,-8146,0.0,0.0,0.0,0.0,0,0,0.0,0.0,0,0.0,-1,0.0,0.0,0.0,0
417922,0,,,0,,,0.02,0.02,0.98,0,-0,-0,0,,,,,,,,,,,,,,,,
417962,0,,,0,,,0.02,0.02,0.98,0,-0,-0,0,,,,,,,,,,,,,,,,
418002,0,,,0,,,0.02,0.02,0.98,0,-0,-0,0,,,,,,,,,,,,,,,,
418042,0,,,0,,,0.02,0.02,0.98,0,-0,-0,0,,,,,,,,,,,,,,,,
418082,0,,,0,,,0.02,0.02,0.98,0,-0,-0,0,,0.0,0.0,0.0,0.0,0,0,0.0,0.0,0,0.0,-1,0.0,0.0,0.0,0
418122,0,,,0,,,0.02,0.02,0.98,0,-0,-0,0,,,,,,,,,,,,,,,,
418162,0,,,0,,,0.02,0.02,0.98,0,-0,-0,0,,,,,,,,,,,,,,,,
418202,0,,,0,,,0.02,0.02,0.99,0,-0,-0,0,,,,,,,,,,,,,,,,
418242,0,,,0,,,0.02,0.02,0.99,0,-0,-0,0,,,,,,,,,,,,,,,,
418282,0,,,0,,,0.02,0.02,0.99,0,-0,-0,0,,0.0,0.0,0.0,0.0,0,0,0.0,0.0,0,0.0,-1,0.0,0.0,0.0,0
418322,0,,,0,,,0.02,0.02,0.99,0,-0,-0,0,,,,,,,,,,,,,,,,
418362,0,,,0,,,0.02,0.02,0.99,0,-0,-0,0,,,,,,,,,,,,,,,,
418402,0,,,0,,,0.02,0.02,0.99,0,-0,-0,0,,,,,,,,,,,,,,,,
418442,0,,,0,,,0.02,0.02,0.99,0,-0,-0,0,,,,,,,,,,,,,,,,
418482,0,,,0,,,0.02,0.02,0.99,0,0,-0,0,,0.0,0.0,0.0,0.0,0,0,0.0,0.0,0,0.0,-1,0.0,0.0,0.0,0
418522,0,,,0,,,0.02,0.02,0.99,0,0,-0,0,,,,,,,,,,,,,,,,
418562,0,,,0,,,0.02,0.02,0.99,0,-0,-0,0,,,,,,,,,,,,,,,,
418602,0,,,0,,,0.02,0.02,0.99,0,-0,-0,0,,,,,,,,,,,,,,,,
418642,0,,,0,,,0.02,0.02,0.99,0,-0,-0,0,,,,,,,,,,,,,,,,
418682,0,,,0,,,0.02,0.02,0.99,0,0,-0,0,,0.0,0.0,0.0,0.0,0,0,0.0,0.0,0,0.0,-1,0.0,0.0,0.0,0
418722,0,,,0,,,0.02,0.02,0.99,0,0,-0,0,,,,,,,,,,,,,,,,
418762,0,,,0,,,0.02,0.02,0.99,0,0,-0,0,,,,,,,,,,,,,,,,
418802,0,,,0,,,0.02,0.02,0.99,0,-0,-0,0,,,,,,,,,,,,,,,,
418842,0,,,0,,,0.02,0.02,0.99,0,-0,-0,0,,,,,,,,,,,,,,,,
418882,0,277,296,0,0.0,5.13,0.02,0.02,0.99,0,0,-0,0,-8146,0.0,0.0,0.0,0.0,0,0,0.0,0.0,0,0.0,-1,0.0,0.0,0.0,0
418922,0,,,0,,,0.02,0.02,0.99,0,0,-0,0,,,,,,,,,,,,,,,,
418962,0,,,0,,,0.02,0.02,0.99,0,0,-0,0,,,,,,,,,,,,,,,,
419002,0,,,0,,,0.02,0.02,0.99,0,-0,-0,0,,,,,,,,,,,,,,,,
419042,0,,,0,,,0.02,0.02,0.99,0,-0,-0,0,,,,,,,,,,,,,,,,
419082,0,,,0,,,0.02,0.02,0.99,0,-0,-0,0,,0.0,0.0,0.0,0.0,0,0,0.0,0.0,0,0.0,-1,0.0,0.0,0.0,0
419122,0,,,0,,,0.02,0.02,0.99,0,-0,-0,0,,,,,,,,,,,,,,,,
419162,0,,,0,,,0.02,0.02,0.99,0,-0,-0,0,,,,,,,,,,,,,,,,
419202,0,,,0,,,0.02,0.02,0.99,-0,-0,-0,0,,,,,,,,,,,,,,,,
419242,0,,,0,,,0.02,0.02,0.99,-0,-0,-0,0,,,,,,,,,,,,,,,,
419282,0,,,0,,,0.02,0.02,0.99,0,-0,-0,0,,0.0,0.0,0.0,0.0,0,0,0.0,0.0,0,0.0,-1,0.0,0.0,0.0,0
419322,0,,,0,,,0.02,0.02,0.99,0,0,-0,0,,,,,,,,,,,,,,,,
419362,0,,,0,,,0.02,0.02,0.99,0,0,-0,0,,,,,,,,,,,,,,,,
419402,0,,,0,,,0.02,0.02,0.99,0,0,-0,0,,,,,,,,,,,,,,,,
419442,0,,,0,,,0.02,0.02,0.99,0,0,-0,0,,,,,,,,,,,,,,,,
419482,0,,,0,,,0.02,0.02,0.99,0,-0,-0,0,,0.0,0.0,0.0,0.0,0,0,0.0,0.0,0,0.0,-1,0.0,0.0,0.0,0
419522,0,,,0,,,0.02,0.02,0.99,0,0,-0,0,,,,,,,,,,,,,,,,
419562,0,,,0,,,0.02,0.02,0.99,0,-0,-0,0,,,,,,,,,,,,,,,,
419602,0,,,0,,,0.02,0.02,0.99,0,-0,-0,0,,,,,,,,,,,,,,,,
419642,0,,,0,,,0.02,0.02,0.99,0,-0,-0,0,,,,,,,,,,,,,,,,
419682,0,,,0,,,0.02,0.02,0.99,0,0,-0,0,,0.0,0.0,0.0,0.0,0,0,0.0,0.0,0,0.0,-1,0.0,0.0,0.0,0
419722,0,,,0,,,0.02,0.02,0.99,0,0,-0,0,,,,,,,,,,,,,,,,
419762,0,,,0,,,0.02,0.02,0.99,0,0,-0,0,,,,,,,,,,,,,,,,
419802,0,,,0,,,0.02,0.02,0.99,0,0,-0,0,,,,,,,,,,,,,,,,
419842,0,,,0,,,0.02,0.02,0.99,0,0,-0,0,,,,,,,,,,,,,,,,
419882,0,277,296,0,0.0,5.15,0.02,0.02,0.99,0,0,-0,0,-8146,0.0,0.0,0.0,0.0,0,0,0.0,0.0,0,0.0,-1,0.0,0.0,0.0,0
419922,0,,,0,,,0.02,0.02,0.99,0,-0,-0,0,,,,,,,,,,,,,,,,
419962,0,,,0,,,0.02,0.02,0.99,0,-0,-0,0,,,,,,,,,,,,,,,,
420002,0,,,0,,,0.02,0.02,0.99,0,-0,-0,0,,,,,,,,,,,,,,,,
420042,0,,,0,,,0.02,0.02,0.99,0,-0,-0,0,,,,,,,,,,,,,,,,
420082,0,,,0,,,0.02,0.02,0.99,0,-0,-0,0,,0.0,0.0,0.0,0.0,0,0,0.0,0.0,0,0.0,-1,0.0,0.0,0.0,0
420122,0,,,0,,,0.02,0.02,0.99,0,-0,-0,0,,,,,,,,,,,,,,,,
420162,0,,,0,,,0.02,0.02,0.99,0,-0,-0,0,,,,,,,,,,,,,,,,
420202,0,,,0,,,0.02,0.02,0.99,0,-0,-0,0,,,,,,,,,,,,,,,,
420242,0,,,0,,,0.02,0.02,0.99,0,-0,-0,0,,,,,,,,,,,,,,,,
420282,0,,,0,,,0.02,0.02,0.99,0,-0,-0,0,,0.0,0.0,0.0,0.0,0,0,0.0,0.0,0,0.0,-1,0.0,0.0,0.0,0
420322,0,,,0,,,0.02,0.02,0.99,0,0,-0,0,,,,,,,,,,,,,,,,
420362,0,,,0,,,0.02,0.02,0.99,0,0,-0,0,,,,,,,,,,,,,,,,
420402,0,,,0,,,0.02,0.02,0.99,0,0,-0,0,,,,,,,,,,,,,,,,
420442,0,,,0,,,0.02,0.02,0.99,0,0,-0,0,,,,,,,,,,,,,,,,
420482,0,,,0,,,0.02,0.02,0.99,0,0,-0,0,,0.0,0.0,0.0,0.0,0,0,0.0,0.0,0,0.0,-1,0.0,0.0,0.0,0
420522,0,,,0,,,0.02,0.02,0.99,0,0,-0,0,,,,,,,,,,,,,,,,
420562,0,,,0,,,0.02,0.02,0.99,0,0,-0,0,,,,,,,,,,,,,,,,
420602,0,,,0,,,0.02,0.02,0.99,0,0,-0,0,,,,,,,,,,,,,,,,
420642,0,,,0,,,0.02,0.02,0.99,0,0,-0,0,,,,,,,,,,,,,,,,
420682,0,,,0,,,0.02,0.02,0.99,0,0,-0,0,,0.0,0.0,0.0,0.0,0,0,0.0,0.0,0,0.0,-1,0.0,0.0,0.0,0
420722,0,,,0,,,0.02,0.02,0.99,0,-0,-0,0,,,,,,,,,,,,,,,,
420762,0,,,0,,,0.02,0.02,0.99,0,-0,-0,0,,,,,,,,,,,,,,,,
420802,0,,,0,,,0.02,0.02,0.99,0,-0,-0,0,,,,,,,,,,,,,,,,
420842,0,,,0,,,0.02,0.02,0.99,0,-0,-0,0,,,,,,,,,,,,,,,,
420882,0,277,296,0,0.0,5.13,0.02,0.02,0.99,0,0,-0,0,-8146,0.0,0.0,0.0,0.0,0,0,0.0,0.0,0,0.0,-1,0.0,0.0,0.0,0
420922,0,,,0,,,0.02,0.02,0.99,0,0,-0,0,,,,,,,,,,,,,,,,
420962,0,,,0,,,0.02,0.02,0.99,0,-0,-0,0,,,,,,,,,,,,,,,,
421002,0,,,0,,,0.02,0.02,0.99,0,-0,-0,0,,,,,,,,,,,,,,,,
421042,0,,,0,,,0.02,0.02,0.99,0,-0,-0,0,,,,,,,,,,,,,,,,
421082,0,,,0,,,0.02,0.02,0.99,0,0,-0,0,,0.0,0.0,0.0,0.0,0,0,0.0,0.0,0,0.0,-1,0.0,0.0,0.0,0
421122,0,,,0,,,0.02,0.02,0.99,0,0,-0,0,,,,,,,,,,,,,,,,
421162,0,,,0,,,0.02,0.02,0.99,0,0,-0,0,,,,,,,,,,,,,,,,
421202,0,,,0,,,0.02,0.02,0.99,0,0,-0,0,,,,,,,,,,,,,,,,
421242,0,,,0,,,0.02,0.02,0.99,0,-0,-0,0,,,,,,,,,,,,,,,,
421282,0,,,0,,,0.02,0.02,0.99,0,0,-0,0,,0.0,0.0,0.0,0.0,0,0,0.0,0.0,0,0.0,-1,0.0,0.0,0.0,0
421322,0,,,0,,,0.02,0.02,0.99,0,-0,-0,0,,,,,,,,,,,,,,,,
421362,0,,,0,,,0.02,0.02,0.99,0,-0,-0,0,,,,,,,,,,,,,,,,
421402,0,,,0,,,0.02,0.02,0.99,0,-0,-0,0,,,,,,,,,,,,,,,,
421442,0,,,0,,,0.02,0.02,0.99,0,-0,-0,0,,,,,,,,,,,,,,,,
421482,0,,,0,,,0.02,0.02,0.99,0,-0,-0,0,,0.0,0.0,0.0,0.0,0,0,0.0,0.0,0,0.0,-1,0.0,0.0,0.0,0
421522,0,,,0,,,0.02,0.02,0.99,0,-0,-0,0,,,,,,,,,,,,,,,,
421562,0,,,0,,,0.02,0.02,0.99,0,-0,-0,0,,,,,,,,,,,,,,,,
421602,0,,,0,,,0.02,0.02,0.99,0,-0,-0,0,,,,,,,,,,,,,,,,
421642,0,,,0,,,0.02,0.02,0.99,0,-0,-0,0,,,,,,,,,,,,,,,,
421682,0,,,0,,,0.02,0.02,0.99,0,-0,-0,0,,0.0,0.0,0.0,0.0,0,0,0.0,0.0,0,0.0,-1,0.0,0.0,0.0,0
421722,0,,,0,,,0.02,0.02,0.99,0,-0,-0,0,,,,,,,,,,,,,,,,
421762,0,,,0,,,0.02,0.02,0.99,0,-0,-0,0,,,,,,,,,,,,,,,,
421802,0,,,0,,,0.02,0.02,0.99,0,-0,-0,0,,,,,,,,,,,,,,,,
421842,0,,,0,,,0.02,0.02,0.99,0,-0,-0,0,,,,,,,,,,,,,,,,
421882,0,277,296,0,0.0,5.15,0.02,0.02,0.99,0,-0,-0,0,-8146,0.0,0.0,0.0,0.0,0,0,0.0,0.0,0,0.0,-1,0.0,0.0,0.0,0
421922,0,,,0,,,0.02,0.02,0.99,0,0,-0,0,,,,,,,,,,,,,,,,
421962,0,,,0,,,0.02,0.02,0.99,0,0,-0,0,,,,,,,,,,,,,,,,
422002,0,,,0,,,0.02,0.02,0.99,0,-0,-0,0,,,,,,,,,,,,,,,,
422042,0,,,0,,,0.02,0.02,0.99,0,-0,-0,0,,,,,,,,,,,,,,,,
422082,0,,,0,,,0.02,0.02,0.99,0,-0,-0,0,,0.0,0.0,0.0,0.0,0,0,0.0,0.0,0,0.0,-1,0.0,0.0,0.0,0
422122,0,,,0,,,0.02,0.02,0.99,0,-0,-0,0,,,,,,,,,,,,,,,,
422162,0,,,0,,,0.02,0.02,0.99,0,-0,-0,0,,,,,,,,,,,,,,,,
422202,0,,,0,,,0.02,0.02,0.99,0,-0,-0,0,,,,,,,,,,,,,,,,
422242,0,,,0,,,0.02,0.02,0.99,0,-0,-0,0,,,,,,,,,,,,,,,,
422282,0,,,0,,,0.02,0.02,0.99,0,-0,-0,0,,0.0,0.0,0.0,0.0,0,0,0.0,0.0,0,0.0,-1,0.0,0.0,0.0,0
422322,0,,,0,,,0.02,0.02,0.99,0,-0,-0,0,,,,,,,,,,,,,,,,
422362,0,,,0,,,0.02,0.02,0.99,0,-0,-0,0,,,,,,,,,,,,,,,,
422402,0,,,0,,,0.02,0.02,0.99,0,0,-0,0,,,,,,,,,,,,,,,,
422442,0,,,0,,,0.02,0.02,0.99,0,0,-0,0,,,,,,,,,,,,,,,,
422482,0,,,0,,,0.02,0.02,0.99,0,0,-0,0,,0.0,0.0,0.0,0.0,0,0,0.0,0.0,0,0.0,-1,0.0,0.0,0.0,0
422522,0,,,0,,,0.02,0.02,0.99,0,0,-0,0,,,,,,,,,,,,,,,,
422562,0,,,0,,,0.02,0.02,0.99,0,0,-0,0,,,,,,,,,,,,,,,,
422602,0,,,0,,,0.02,0.02,0.99,0,0,-0,0,,,,,,,,,,,,,,,,
422642,0,,,0,,,0.02,0.02,0.99,0,0,-0,0,,,,,,,,,,,,,,,,
422682,0,,,0,,,0.02,0.02,0.99,0,0,-0,0,,0.0,0.0,0.0,0.0,0,0,0.0,0.0,0,0.0,-1,0.0,0.0,0.0,0
422722,0,,,0,,,0.02,0.02,0.99,0,0,-0,0,,,,,,,,,,,,,,,,
422762,0,,,0,,,0.02,0.02,0.99,0,0,-0,0,,,,,,,,,,,,,,,,
422802,0,,,0,,,0.02,0.02,0.99,0,0,-0,0,,,,,,,,,,,,,,,,
422842,0,,,0,,,0.02,0.02,0.99,0,-0,-0,0,,,,,,,,,,,,,,,,
422882,0,277,296,0,0.0,5.14,0.02,0.02,0.99,0,0,-0,0,-8146,0.0,0.0,0.0,0.0,0,0,0.0,0.0,0,0.0,-1,0.0,0.0,0.0,0
422922,0,,,0,,,0.02,0.02,0.99,0,-0,-0,0,,,,,,,,,,,,,,,,
422962,0,,,0,,,0.02,0.02,0.99,0,0,-0,0,,,,,,,,,,,,,,,,
423002,0,,,0,,,0.02,0.02,0.99,0,0,-0,0,,,,,,,,,,,,,,,,
423042,0,,,0,,,0.02,0.02,0.99,0,0,-0,0,,,,,,,,,,,,,,,,
423082,0,,,0,,,0.02,0.02,0.99,0,0,-0,0,,0.0,0.0,0.0,0.0,0,0,0.0,0.0,0,0.0,-1,0.0,0.0,0.0,0
423122,0,,,0,,,0.02,0.02,0.99,0,-0,-0,0,,,,,,,,,,,,,,,,
423162,0,,,0,,,0.02,0.02,0.99,0,-0,-0,0,,,,,,,,,,,,,,,,
423202,0,,,0,,,0.02,0.02,0.99,0,0,-0,0,,,,,,,,,,,,,,,,
423242,0,,,0,,,0.02,0.02,0.99,0,-0,-0,0,,,,,,,,,,,,,,,,
423282,0,,,0,,,0.02,0.02,0.99,0,-0,-0,0,,0.0,0.0,0.0,0.0,0,0,0.0,0.0,0,0.0,-1,0.0,0.0,0.0,0
423322,0,,,0,,,0.02,0.02,0.99,0,-0,-0,0,,,,,,,,,,,,,,,,
423362,0,,,0,,,0.02,0.02,0.99,0,0,-0,0,,,,,,,,,,,,,,,,
423402,0,,,0,,,0.02,0.02,0.99,0,0,-0,0,,,,,,,,,,,,,,,,
423442,0,,,0,,,0.02,0.02,0.99,0,-0,-0,0,,,,,,,,,,,,,,,,
423482,0,,,0,,,0.02,0.02,0.99,0,-0,-0,0,,0.0,0.0,0.0,0.0,0,0,0.0,0.0,0,0.0,-1,0.0,0.0,0.0,0
423522,0,,,0,,,0.02,0.02,0.99,0,0,-0,0,,,,,,,,,,,,,,,,
423562,0,,,0,,,0.02,0.02,0.99,0,-0,-0,0,,,,,,,,,,,,,,,,
423602,0,,,0,,,0.02,0.02,0.99,0,0,-0,0,,,,,,,,,,,,,,,,
423642,0,,,0,,,0.02,0.02,0.99,0,-0,-0,0,,,,,,,,,,,,,,,,
423682,0,,,0,,,0.02,0.02,0.99,0,-0,-0,0,,0.0,0.0,0.0,0.0,0,0,0.0,0.0,0,0.0,-1,0.0,0.0,0.0,0
423722,0,,,0,,,0.02,0.02,0.99,0,-0,-0,0,,,,,,,,,,,,,,,,
423762,0,,,0,,,0.02,0.02,0.99,0,-0,-0,0,,,,,,,,,,,,,,,,
423802,0,,,0,,,0.02,0.02,0.99,0,-0,-0,0,,,,,,,,,,,,,,,,
423842,0,,,0,,,0.02,0.02,0.99,0,-0,-0,0,,,,,,,,,,,,,,,,
423882,0,277,296,0,0.0,5.13,0.02,0.02,0.99,0,-0,-0,0,-8146,0.0,0.0,0.0,0.0,0,0,0.0,0.0,0,0.0,-1,0.0,0.0,0.0,0
423922,0,,,0,,,0.02,0.02,0.99,0,0,-0,0,,,,,,,,,,,,,,,,
423962,0,,,0,,,0.02,0.02,0.99,0,0,-0,0,,,,,,,,,,,,,,,,
424002,0,,,0,,,0.02,0.02,0.99,0,0,-0,0,,,,,,,,,,,,,,,,
424042,0,,,0,,,0.02,0.02,0.99,0,0,-0,0,,,,,,,,,,,,,,,,
424082,0,,,0,,,0.02,0.02,0.99,0,-0,-0,0,,0.0,0.0,0.0,0.0,0,0,0.0,0.0,0,0.0,-1,0.0,0.0,0.0,0
424122,0,,,0,,,0.02,0.02,0.99,0,0,-0,0,,,,,,,,,,,,,,,,
424162,0,,,0,,,0.02,0.02,0.99,0,0,-0,0,,,,,,,,,,,,,,,,
424202,0,,,0,,,0.02,0.02,0.99,0,0,-0,0,,,,,,,,,,,,,,,,
424242,0,,,0,,,0.02,0.02,0.99,0,0,-0,0,,,,,,,,,,,,,,,,
424282,0,,,0,,,0.02,0.02,0.99,0,0,-0,0,,0.0,0.0,0.0,0.0,0,0,0.0,0.0,0,0.0,-1,0.0,0.0,0.0,0
424322,0,,,0,,,0.02,0.02,0.99,0,0,-0,0,,,,,,,,,,,,,,,,
424362,0,,,0,,,0.02,0.02,0.99,0,-0,-0,0,,,,,,,,,,,,,,,,
424402,0,,,0,,,0.02,0.02,0.99,0,0,-0,0,,,,,,,,,,,,,,,,
424442,0,,,0,,,0.02,0.02,0.99,0,0,-0,0,,,,,,,,,,,,,,,,
424482,0,,,0,,,0.02,0.02,0.99,0,0,-0,0,,0.0,0.0,0.0,0.0,0,0,0.0,0.0,0,0.0,-1,0.0,0.0,0.0,0
424522,0,,,0,,,0.02,0.02,0.99,0,0,-0,0,,,,,,,,,,,,,,,,
424562,0,,,0,,,0.02,0.02,0.99,0,0,-0,0,,,,,,,,,,,,,,,,
424602,0,,,0,,,0.02,0.02,0.99,0,0,-0,0,,,,,,,,,,,,,,,,
424642,0,,,0,,,0.02,0.02,0.99,0,0,-0,0,,,,,,,,,,,,,,,,
424682,0,,,0,,,0.02,0.02,0.99,0,0,-0,0,,0.0,0.0,0.0,0.0,0,0,0.0,0.0,0,0.0,-1,0.0,0.0,0.0,0
424722,0,,,0,,,0.02,0.02,0.99,0,-0,-0,0,,,,,,,,,,,,,,,,
424762,0,,,0,,,0.02,0.02,0.99,0,-0,-0,0,,,,,,,,,,,,,,,,
424802,0,,,0,,,0.02,0.02,0.99,0,0,-0,0,,,,,,,,,,,,,,,,
424842,0,,,0,,,0.02,0.02,0.99,0,-0,-0,0,,,,,,,,,,,,,,,,
424882,0,277,296,0,0.0,5.15,0.02,0.02,0.99,0,-0,-0,0,-8146,0.0,0.0,0.0,0.0,0,0,0.0,0.0,0,0.0,-1,0.0,0.0,0.0,0
424922,0,,,0,,,0.02,0.02,0.99,-0,0,-0,0,,,,,,,,,,,,,,,,
424962,0,,,0,,,0.02,0.02,0.99,0,0,-0,0,,,,,,,,,,,,,,,,
425002,0,,,0,,,0.02,0.02,0.99,-0,-0,-0,0,,,,,,,,,,,,,,,,
425042,0,,,0,,,0.02,0.02,0.99,0,-0,-0,0,,,,,,,,,,,,,,,,
425082,0,,,0,,,0.02,0.02,0.99,0,-0,-0,0,,0.0,0.0,0.0,0.0,0,0,0.0,0.0,0,0.0,-1,0.0,0.0,0.0,0
425122,0,,,0,,,0.02,0.02,0.99,0,-0,-0,0,,,,,,,,,,,,,,,,
425162,0,,,0,,,0.02,0.02,0.99,0,-0,-0,0,,,,,,,,,,,,,,,,
425202,0,,,0,,,0.02,0.02,0.99,0,-0,-0,0,,,,,,,,,,,,,,,,
425242,0,,,0,,,0.02,0.02,0.99,0,-0,-0,0,,,,,,,,,,,,,,,,
425282,0,,,0,,,0.02,0.02,0.99,0,-0,-0,0,,0.0,0.0,0.0,0.0,0,0,0.0,0.0,0,0.0,-1,0.0,0.0,0.0,0
425322,0,,,0,,,0.02,0.02,0.99,0,-0,-0,0,,,,,,,,,,,,,,,,
425362,0,,,0,,,0.02,0.02,0.99,0,-0,-0,0,,,,,,,,,,,,,,,,
425402,0,,,0,,,0.02,0.02,0.99,0,-0,-0,0,,,,,,,,,,,,,,,,
425442,0,,,0,,,0.02,0.02,0.99,0,-0,-0,0,,,,,,,,,,,,,,,,
425482,0,,,0,,,0.02,0.02,0.99,0,-0,-0,0,,0.0,0.0,0.0,0.0,0,0,0.0,0.0,0,0.0,-1,0.0,0.0,0.0,0
425522,0,,,0,,,0.02,0.02,0.99,0,-0,-0,0,,,,,,,,,,,,,,,,
425562,0,,,0,,,0.02,0.02,0.99,0,-0,-0,0,,,,,,,,,,,,,,,,
425602,0,,,0,,,0.02,0.02,0.99,-0,-0,-0,0,,,,,,,,,,,,,,,,
425642,0,,,0,,,0.02,0.02,0.99,0,-0,-0,0,,,,,,,,,,,,,,,,
425682,0,,,0,,,0.02,0.02,0.99,0,-0,-0,0,,0.0,0.0,0.0,0.0,0,0,0.0,0.0,0,0.0,-1,0.0,0.0,0.0,0
425722,0,,,0,,,0.02,0.02,0.99,0,0,-0,0,,,,,,,,,,,,,,,,
425762,0,,,0,,,0.02,0.02,0.99,0,0,-0,0,,,,,,,,,,,,,,,,
425802,0,,,0,,,0.02,0.02,0.99,0,0,-0,0,,,,,,,,,,,,,,,,
425842,0,,,0,,,0.02,0.02,0.99,0,0,-0,0,,,,,,,,,,,,,,,,
425882,0,277,296,0,0.0,5.07,0.02,0.02,0.99,0,0,-0,0,-8146,0.0,0.0,0.0,0.0,0,0,0.0,0.0,0,0.0,-1,0.0,0.0,0.0,0
425922,0,,,0,,,0.02,0.02,0.99,0,0,-0,0,,,,,,,,,,,,,,,,
425962,0,,,0,,,0.02,0.02,0.99,0,0,-0,0,,,,,,,,,,,,,,,,
426002,0,,,0,,,0.02,0.02,0.99,0,0,-0,0,,,,,,,,,,,,,,,,
426042,0,,,0,,,0.02,0.02,0.99,0,0,-0,0,,,,,,,,,,,,,,,,
426082,0,,,0,,,0.02,0.02,0.99,0,1,1,0,,0.0,0.0,0.0,0.0,0,0,0.0,0.0,0,0.0,-1,0.0,0.0,0.0,0
426122,0,,,0,,,0.02,0.02,0.99,0,1,0,0,,,,,,,,,,,,,,,,
426162,0,,,0,,,0.02,0.02,0.99,0,1,0,0,,,,,,,,,,,,,,,,
426202,0,,,0,,,0.02,0.02,0.99,0,1,0,0,,,,,,,,,,,,,,,,
426242,0,,,0,,,0.03,0.02,0.99,0,0,0,0,,,,,,,,,,,,,,,,
426282,0,,,0,,,0.02,0.02,0.99,0,0,0,0,,0.0,0.0,0.0,0.0,0,0,0.0,0.0,0,0.0,-1,0.0,0.0,0.0,0
426322,0,,,0,,,0.02,0.02,0.99,0,-1,-1,0,,,,,,,,,,,,,,,,
426362,0,,,0,,,0.02,0.02,0.99,0,-0,-1,0,,,,,,,,,,,,,,,,
426402,0,,,0,,,0.02,0.02,0.99,0,-1,-1,0,,,,,,,,,,,,,,,,
426442,0,,,0,,,0.02,0.02,0.99,0,-1,-1,0,,,,,,,,,,,,,,,,
426482,0,,,0,,,0.02,0.02,0.99,0,-1,-1,0,,0.0,0.0,0.0,0.0,0,0,0.0,0.0,0,0.0,-1,0.0,0.0,0.0,0
426522,0,,,0,,,0.02,0.02,0.99,0,-1,-1,0,,,,,,,,,,,,,,,,
426562,0,,,0,,,0.02,0.02,0.99,0,-0,-1,0,,,,,,,,,,,,,,,,
426602,0,,,0,,,0.02,0.02,0.99,0,-0,-0,0,,,,,,,,,,,,,,,,
426642,0,,,0,,,0.02,0.02,0.99,0,-1,-1,0,,,,,,,,,,,,,,,,
426682,0,,,0,,,0.02,0.02,0.99,0,-0,-0,0,,0.0,0.0,0.0,0.0,0,0,0.0,0.0,0,0.0,-1,0.0,0.0,0.0,0
426722,0,,,0,,,0.02,0.02,0.99,0,1,1,0,,,,,,,,,,,,,,,,
426762,0,,,0,,,0.02,0.02,0.99,0,1,0,0,,,,,,,,,,,,,,,,
426802,0,,,0,,,0.02,0.02,0.99,0,1,1,0,,,,,,,,,,,,,,,,
426842,0,,,0,,,0.02,0.02,0.99,0,0,0,0,,,,,,,,,,,,,,,,
426882,0,277,296,0,0.0,5.16,0.01,0.02,0.99,0,0,0,0,-8146,0.0,0.0,0.0,0.0,0,0,0.0,0.0,0,0.0,-1,0.0,0.0,0.0,0
426922,0,,,0,,,0.02,0.02,0.99,0,0,0,0,,,,,,,,,,,,,,,,
426962,0,,,0,,,0.01,0.02,0.99,0,0,0,0,,,,,,,,,,,,,,,,
427002,0,,,0,,,0.01,0.02,0.99,0,0,-0,0,,,,,,,,,,,,,,,,
427042,0,,,0,,,0.01,0.02,0.99,0,0,-0,0,,,,,,,,,,,,,,,,
427082,0,,,0,,,0.01,0.02,0.99,0,0,-0,0,,0.0,0.0,0.0,0.0,0,0,0.0,0.0,0,0.0,-1,0.0,0.0,0.0,0
427122,0,,,0,,,0.01,0.02,0.99,0,0,-0,0,,,,,,,,,,,,,,,,
427162,0,,,0,,,0.02,0.02,0.99,0,0,-0,0,,,,,,,,,,,,,,,,
427202,0,,,0,,,0.01,0.02,0.99,0,0,-0,0,,,,,,,,,,,,,,,,
427242,0,,,0,,,0.02,0.02,0.99,0,0,-0,0,,,,,,,,,,,,,,,,
427282,0,,,0,,,0.02,0.02,0.99,0,0,-0,0,,0.0,0.0,0.0,0.0,0,0,0.0,0.0,0,0.0,-1,0.0,0.0,0.0,0
427322,0,,,0,,,0.01,0.02,0.99,0,-0,-0,0,,,,,,,,,,,,,,,,
427362,0,,,0,,,0.01,0.02,0.99,0,0,-0,0,,,,,,,,,,,,,,,,
427402,0,,,0,,,0.02,0.02,0.99,0,0,-0,0,,,,,,,,,,,,,,,,
427442,0,,,0,,,0.02,0.02,0.99,0,0,-0,0,,,,,,,,,,,,,,,,
427482,0,,,0,,,0.02,0.02,0.99,0,0,-0,0,,0.0,0.0,0.0,0.0,0,0,0.0,0.0,0,0.0,-1,0.0,0.0,0.0,0
427522,0,,,0,,,0.02,0.02,0.99,0,0,-0,0,,,,,,,,,,,,,,,,
427562,0,,,0,,,0.02,0.02,0.99,0,0,-0,0,,,,,,,,,,,,,,,,
427602,0,,,0,,,0.02,0.02,0.99,0,0,-0,0,,,,,,,,,,,,,,,,
427642,0,,,0,,,0.02,0.02,0.99,0,-0,-0,0,,,,,,,,,,,,,,,,
427682,0,,,0,,,0.02,0.02,0.99,0,-0,-0,0,,0.0,0.0,0.0,0.0,0,0,0.0,0.0,0,0.0,-1,0.0,0.0,0.0,0
427722,0,,,0,,,0.02,0.02,0.99,0,-0,-0,0,,,,,,,,,,,,,,,,
427762,0,,,0,,,0.02,0.02,0.99,0,-0,-0,0,,,,,,,,,,,,,,,,
427802,0,,,0,,,0.02,0.02,0.99,0,-0,-0,0,,,,,,,,,,,,,,,,
427842,0,,,0,,,0.02,0.02,0.99,0,-0,-0,0,,,,,,,,,,,,,,,,
427882,0,277,296,0,0.0,5.13,0.02,0.02,0.99,0,-0,-0,0,-8146,0.0,0.0,0.0,0.0,0,0,0.0,0.0,0,0.0,-1,0.0,0.0,0.0,0
427922,0,,,0,,,0.02,0.02,0.99,0,-0,-0,0,,,,,,,,,,,,,,,,
427962,0,,,0,,,0.02,0.02,0.99,0,-0,-0,0,,,,,,,,,,,,,,,,
428002,0,,,0,,,0.02,0.02,0.99,0,-0,-0,0,,,,,,,,,,,,,,,,
428042,0,,,0,,,0.02,0.02,0.99,0,-0,-0,0,,,,,,,,,,,,,,,,
428082,0,,,0,,,0.02,0.02,0.99,0,-0,-0,0,,0.0,0.0,0.0,0.0,0,0,0.0,0.0,0,0.0,-1,0.0,0.0,0.0,0
428122,0,,,0,,,0.02,0.02,0.99,0,-0,-0,0,,,,,,,,,,,,,,,,
428162,0,,,0,,,0.02,0.02,0.99,0,-0,-0,0,,,,,,,,,,,,,,,,
428202,0,,,0,,,0.02,0.02,0.99,0,0,-0,0,,,,,,,,,,,,,,,,
428242,0,,,0,,,0.02,0.02,0.99,0,0,-0,0,,,,,,,,,,,,,,,,
428282,0,,,0,,,0.02,0.02,0.99,0,0,-0,0,,0.0,0.0,0.0,0.0,0,0,0.0,0.0,0,0.0,-1,0.0,0.0,0.0,0
428322,0,,,0,,,0.02,0.02,0.99,0,0,-0,0,,,,,,,,,,,,,,,,
428362,0,,,0,,,0.02,0.02,0.99,0,0,-0,0,,,,,,,,,,,,,,,,
428402,0,,,0,,,0.02,0.02,0.99,0,0,-0,0,,,,,,,,,,,,,,,,
428442,0,,,0,,,0.02,0.02,0.98,0,-0,-0,0,,,,,,,,,,,,,,,,
428482,0,,,0,,,0.02,0.02,0.98,0,0,-0,0,,0.0,0.0,0.0,0.0,0,0,0.0,0.0,0,0.0,-1,0.0,0.0,0.0,0
428522,0,,,0,,,0.02,0.02,0.98,0,0,-0,0,,,,,,,,,,,,,,,,
428562,0,,,0,,,0.02,0.02,0.98,0,0,-0,0,,,,,,,,,,,,,,,,
428602,0,,,0,,,0.02,0.02,0.99,0,0,-0,0,,,,,,,,,,,,,,,,
428642,0,,,0,,,0.02,0.02,0.99,0,0,-0,0,,,,,,,,,,,,,,,,
428682,0,,,0,,,0.02,0.02,0.99,0,0,-0,0,,0.0,0.0,0.0,0.0,0,0,0.0,0.0,0,0.0,-1,0.0,0.0,0.0,0
428722,0,,,0,,,0.02,0.02,0.99,0,-0,-0,0,,,,,,,,,,,,,,,,
428762,0,,,0,,,0.02,0.02,0.99,0,-0,-0,0,,,,,,,,,,,,,,,,
428802,0,,,0,,,0.02,0.02,0.99,0,0,-0,0,,,,,,,,,,,,,,,,
428842,0,,,0,,,0.02,0.02,0.99,0,0,-0,0,,,,,,,,,,,,,,,,
428882,0,276,295,0,0.0,5.16,0.02,0.02,0.99,0,-0,-0,0,-8146,0.0,0.0,0.0,0.0,0,0,0.0,0.0,0,0.0,-1,0.0,0.0,0.0,0
428922,0,,,0,,,0.02,0.02,0.99,0,0,-0,0,,,,,,,,,,,,,,,,
428962,0,,,0,,,0.01,0.02,0.99,0,-0,-0,0,,,,,,,,,,,,,,,,
429002,0,,,0,,,0.01,0.02,0.99,0,-0,-0,0,,,,,,,,,,,,,,,,
429042,0,,,0,,,0.01,0.02,0.99,0,-0,-0,0,,,,,,,,,,,,,,,,
429082,0,,,0,,,0.02,0.02,0.99,0,-0,-0,0,,0.0,0.0,0.0,0.0,0,0,0.0,0.0,0,0.0,-1,0.0,0.0,0.0,0
429122,0,,,0,,,0.01,0.02,0.99,0,-0,-0,0,,,,,,,,,,,,,,,,
429162,0,,,0,,,0.02,0.02,0.99,0,-0,-0,0,,,,,,,,,,,,,,,,
429202,0,,,0,,,0.02,0.02,0.99,0,-0,-0,0,,,,,,,,,,,,,,,,
429242,0,,,0,,,0.02,0.02,0.99,0,-0,-0,0,,,,,,,,,,,,,,,,
429282,0,,,0,,,0.02,0.02,0.99,0,-0,-0,0,,0.0,0.0,0.0,0.0,0,0,0.0,0.0,0,0.0,-1,0.0,0.0,0.0,0
429322,0,,,0,,,0.02,0.02,0.99,0,-0,-0,0,,,,,,,,,,,,,,,,
429362,0,,,0,,,0.02,0.02,0.99,0,-0,-0,0,,,,,,,,,,,,,,,,
429402,0,,,0,,,0.02,0.02,0.99,0,-0,-0,0,,,,,,,,,,,,,,,,
429442,0,,,0,,,0.02,0.02,0.99,0,0,-0,0,,,,,,,,,,,,,,,,
429482,0,,,0,,,0.02,0.02,0.99,0,0,-0,0,,0.0,0.0,0.0,0.0,0,0,0.0,0.0,0,0.0,-1,0.0,0.0,0.0,0
429522,0,,,0,,,0.02,0.02,0.99,0,-0,-0,0,,,,,,,,,,,,,,,,
429562,0,,,0,,,0.02,0.02,0.99,0,-0,-0,0,,,,,,,,,,,,,,,,
429602,0,,,0,,,0.02,0.02,0.99,0,-0,-0,0,,,,,,,,,,,,,,,,
429642,0,,,0,,,0.02,0.02,0.99,0,-0,-0,0,,,,,,,,,,,,,,,,
429682,0,,,0,,,0.02,0.02,0.99,0,0,-0,0,,0.0,0.0,0.0,0.0,0,0,0.0,0.0,0,0.0,-1,0.0,0.0,0.0,0
429722,0,,,0,,,0.02,0.02,0.99,0,0,-0,0,,,,,,,,,,,,,,,,
429762,0,,,0,,,0.02,0.02,0.99,0,0,-0,0,,,,,,,,,,,,,,,,
429802,0,,,0,,,0.02,0.02,0.99,0,0,-0,0,,,,,,,,,,,,,,,,
429842,0,,,0,,,0.02,0.02,0.99,0,0,-0,0,,,,,,,,,,,,,,,,
429882,0,277,295,0,0.0,5.13,0.02,0.02,0.99,0,0,-0,0,-8146,0.0,0.0,0.0,0.0,0,0,0.0,0.0,0,0.0,-1,0.0,0.0,0.0,0
429922,0,,,0,,,0.02,0.02,0.99,0,0,-0,0,,,,,,,,,,,,,,,,
429962,0,,,0,,,0.02,0.02,0.99,0,0,-0,0,,,,,,,,,,,,,,,,
430002,0,,,0,,,0.02,0.02,0.99,0,0,-0,0,,,,,,,,,,,,,,,,
430042,0,,,0,,,0.02,0.02,0.99,0,0,-0,0,,,,,,,,,,,,,,,,
430082,0,,,0,,,0.02,0.02,0.99,0,0,-0,0,,0.0,0.0,0.0,0.0,0,0,0.0,0.0,0,0.0,-1,0.0,0.0,0.0,0
430122,0,,,0,,,0.02,0.02,0.99,0,0,-0,0,,,,,,,,,,,,,,,,
430162,0,,,0,,,0.02,0.02,0.99,0,0,-0,0,,,,,,,,,,,,,,,,
430202,0,,,0,,,0.02,0.02,0.99,0,-0,-0,0,,,,,,,,,,,,,,,,
430242,0,,,0,,,0.02,0.02,1.0,0,-1,-1,0,,,,,,,,,,,,,,,,
430282,0,,,0,,,0.01,0.02,1.0,0,-1,-2,0,,0.0,0.0,0.0,0.0,0,0,0.0,0.0,0,0.0,-1,0.0,0.0,0.0,0
430322,0,,,0,,,0.02,0.02,0.99,0,-1,-1,0,,,,,,,,,,,,,,,,
430362,0,,,0,,,0.02,0.02,0.99,0,-1,-1,0,,,,,,,,,,,,,,,,
430402,0,,,0,,,0.02,0.02,0.99,0,-1,-1,0,,,,,,,,,,,,,,,,
430442,0,,,0,,,0.02,0.02,0.99,0,-1,-1,0,,,,,,,,,,,,,,,,
430482,0,,,0,,,0.02,0.02,0.99,0,-0,-1,0,,0.0,0.0,0.0,0.0,0,0,0.0,0.0,0,0.0,-1,0.0,0.0,0.0,0
430522,0,,,0,,,0.02,0.02,0.99,0,-0,-1,0,,,,,,,,,,,,,,,,
430562,0,,,0,,,0.02,0.02,0.99,0,-0,-1,0,,,,,,,,,,,,,,,,
430602,0,,,0,,,0.02,0.02,0.99,0,-0,-0,0,,,,,,,,,,,,,,,,
430642,0,,,0,,,0.02,0.02,0.99,0,-0,-0,0,,,,,,,,,,,,,,,,
430682,0,,,0,,,0.02,0.02,0.99,0,-0,-0,0,,0.0,0.0,0.0,0.0,0,0,0.0,0.0,0,0.0,-1,0.0,0.0,0.0,0
430722,0,,,0,,,0.02,0.02,0.99,0,-0,-0,0,,,,,,,,,,,,,,,,
430762,0,,,0,,,0.02,0.02,0.99,0,-0,-0,0,,,,,,,,,,,,,,,,
430802,0,,,0,,,0.02,0.02,0.99,0,-0,-0,0,,,,,,,,,,,,,,,,
430842,0,,,0,,,0.02,0.02,0.99,0,-0,-0,0,,,,,,,,,,,,,,,,
430882,0,277,296,0,0.0,5.17,0.02,0.02,0.99,0,-0,-0,0,-8146,0.0,0.0,0.0,0.0,0,0,0.0,0.0,0,0.0,-1,0.0,0.0,0.0,0
430922,0,,,0,,,0.02,0.02,0.99,0,-0,-0,0,,,,,,,,,,,,,,,,
430962,0,,,0,,,0.02,0.02,0.99,0,-0,-0,0,,,,,,,,,,,,,,,,
431002,0,,,0,,,0.02,0.02,0.99,0,-0,-0,0,,,,,,,,,,,,,,,,
431042,0,,,0,,,0.02,0.02,0.99,0,-0,-0,0,,,,,,,,,,,,,,,,
431082,0,,,0,,,0.02,0.02,0.98,0,-0,-0,0,,0.0,0.0,0.0,0.0,0,0,0.0,0.0,0,0.0,-1,0.0,0.0,0.0,0
431122,0,,,0,,,0.02,0.02,0.98,0,0,-0,0,,,,,,,,,,,,,,,,
431162,0,,,0,,,0.02,0.02,0.99,0,0,-0,0,,,,,,,,,,,,,,,,
431202,0,,,0,,,0.02,0.02,0.99,0,-0,-0,0,,,,,,,,,,,,,,,,
431242,0,,,0,,,0.02,0.02,0.99,0,-0,-0,0,,,,,,,,,,,,,,,,
431282,0,,,0,,,0.02,0.02,0.99,0,0,-0,0,,0.0,0.0,0.0,0.0,0,0,0.0,0.0,0,0.0,-1,0.0,0.0,0.0,0
431322,0,,,0,,,0.02,0.02,0.99,0,-0,-0,0,,,,,,,,,,,,,,,,
431362,0,,,0,,,0.02,0.02,0.99,0,-0,-0,0,,,,,,,,,,,,,,,,
431402,0,,,0,,,0.02,0.02,0.99,0,0,-0,0,,,,,,,,,,,,,,,,
431442,0,,,0,,,0.02,0.02,0.99,0,0,-0,0,,,,,,,,,,,,,,,,
431482,0,,,0,,,0.02,0.02,0.99,0,0,-0,0,,0.0,0.0,0.0,0.0,0,0,0.0,0.0,0,0.0,-1,0.0,0.0,0.0,0
431522,0,,,0,,,0.02,0.02,0.99,0,0,-0,0,,,,,,,,,,,,,,,,
431562,0,,,0,,,0.02,0.02,0.99,0,0,-0,0,,,,,,,,,,,,,,,,
431602,0,,,0,,,0.02,0.02,0.99,0,0,0,0,,,,,,,,,,,,,,,,
431642,0,,,0,,,0.02,0.02,0.99,0,0,0,0,,,,,,,,,,,,,,,,
431682,0,,,0,,,0.02,0.02,0.99,0,0,-0,0,,0.0,0.0,0.0,0.0,0,0,0.0,0.0,0,0.0,-1,0.0,0.0,0.0,0
431722,0,,,0,,,0.02,0.02,0.99,0,-0,-0,0,,,,,,,,,,,,,,,,
431762,0,,,0,,,0.02,0.02,0.99,0,-0,-0,0,,,,,,,,,,,,,,,,
431802,0,,,0,,,0.02,0.02,0.99,0,0,-0,0,,,,,,,,,,,,,,,,
431842,0,,,0,,,0.02,0.02,0.99,0,0,-0,0,,,,,,,,,,,,,,,,
431882,0,277,296,0,0.0,5.16,0.02,0.02,0.99,0,0,0,0,-8146,0.0,0.0,0.0,0.0,0,0,0.0,0.0,0,0.0,-1,0.0,0.0,0.0,0
431922,0,,,0,,,0.02,0.02,0.99,0,0,0,0,,,,,,,,,,,,,,,,
431962,0,,,0,,,0.02,0.02,0.99,0,0,-0,0,,,,,,,,,,,,,,,,
432002,0,,,0,,,0.02,0.02,0.99,0,0,-0,0,,,,,,,,,,,,,,,,
432042,0,,,0,,,0.02,0.02,0.99,0,0,0,0,,,,,,,,,,,,,,,,
432082,0,,,0,,,0.02,0.02,0.99,0,0,-0,0,,0.0,0.0,0.0,0.0,0,0,0.0,0.0,0,0.0,-1,0.0,0.0,0.0,0
432122,0,,,0,,,0.02,0.02,0.99,0,0,-0,0,,,,,,,,,,,,,,,,
432162,0,,,0,,,0.02,0.02,0.99,0,0,-0,0,,,,,,,,,,,,,,,,
432202,0,,,0,,,0.02,0.02,0.99,0,-0,-0,0,,,,,,,,,,,,,,,,
432242,0,,,0,,,0.02,0.02,0.99,0,-0,-0,0,,,,,,,,,,,,,,,,
432282,0,,,0,,,0.02,0.02,0.99,0,-0,-0,0,,0.0,0.0,0.0,0.0,0,0,0.0,0.0,0,0.0,-1,0.0,0.0,0.0,0
432322,0,,,0,,,0.02,0.02,0.99,0,-0,-0,0,,,,,,,,,,,,,,,,
432362,0,,,0,,,0.02,0.02,0.99,0,-0,-0,0,,,,,,,,,,,,,,,,
432402,0,,,0,,,0.02,0.02,0.99,0,-0,-0,0,,,,,,,,,,,,,,,,
432442,0,,,0,,,0.02,0.02,0.99,0,-0,-0,0,,,,,,,,,,,,,,,,
432482,0,,,0,,,0.02,0.02,0.99,0,-0,-0,0,,0.0,0.0,0.0,0.0,0,0,0.0,0.0,0,0.0,-1,0.0,0.0,0.0,0
432522,0,,,0,,,0.02,0.02,0.99,0,-0,-0,0,,,,,,,,,,,,,,,,
432562,0,,,0,,,0.02,0.02,0.99,0,-0,-0,0,,,,,,,,,,,,,,,,
432602,0,,,0,,,0.02,0.02,0.99,0,-0,-0,0,,,,,,,,,,,,,,,,
432642,0,,,0,,,0.02,0.02,0.99,0,-0,-0,0,,,,,,,,,,,,,,,,
432682,0,,,0,,,0.02,0.02,0.99,0,0,0,0,,0.0,0.0,0.0,0.0,0,0,0.0,0.0,0,0.0,-1,0.0,0.0,0.0,0
432722,0,,,0,,,0.02,0.02,0.99,0,1,0,0,,,,,,,,,,,,,,,,
432762,0,,,0,,,0.02,0.02,0.99,0,0,0,0,,,,,,,,,,,,,,,,
432802,0,,,0,,,0.01,0.02,0.99,0,0,-0,0,,,,,,,,,,,,,,,,
432842,0,,,0,,,0.01,0.02,0.99,0,0,-0,0,,,,,,,,,,,,,,,,
432882,0,277,296,0,0.0,5.15,0.01,0.02,0.99,0,-0,-0,0,-8146,0.0,0.0,0.0,0.0,0,0,0.0,0.0,0,0.0,-1,0.0,0.0,0.0,0
432922,0,,,0,,,0.01,0.02,0.99,0,-1,-1,0,,,,,,,,,,,,,,,,
432962,0,,,0,,,0.02,0.02,0.99,0,-0,-0,0,,,,,,,,,,,,,,,,
433002,0,,,0,,,0.02,0.02,0.98,0,0,-0,0,,,,,,,,,,,,,,,,
433042,0,,,0,,,0.02,0.02,0.98,0,0,-0,0,,,,,,,,,,,,,,,,
433082,0,,,0,,,0.02,0.02,0.98,0,0,-0,0,,0.0,0.0,0.0,0.0,0,0,0.0,0.0,0,0.0,-1,0.0,0.0,0.0,0
433122,0,,,0,,,0.02,0.02,0.98,0,0,-0,0,,,,,,,,,,,,,,,,
433162,0,,,0,,,0.02,0.02,0.98,0,0,-0,0,,,,,,,,,,,,,,,,
433202,0,,,0,,,0.02,0.02,0.99,0,0,-0,0,,,,,,,,,,,,,,,,
433242,0,,,0,,,0.02,0.02,0.99,0,0,-0,0,,,,,,,,,,,,,,,,
433282,0,,,0,,,0.02,0.02,0.99,0,0,-0,0,,0.0,0.0,0.0,0.0,0,0,0.0,0.0,0,0.0,-1,0.0,0.0,0.0,0
433322,0,,,0,,,0.02,0.02,0.99,0,-0,-0,0,,,,,,,,,,,,,,,,
433362,0,,,0,,,0.02,0.02,0.99,0,-0,-0,0,,,,,,,,,,,,,,,,
433402,0,,,0,,,0.02,0.02,0.99,0,-0,-0,0,,,,,,,,,,,,,,,,
433442,0,,,0,,,0.02,0.02,0.99,0,-0,-0,0,,,,,,,,,,,,,,,,
433482,0,,,0,,,0.02,0.02,0.99,0,-0,-0,0,,0.0,0.0,0.0,0.0,0,0,0.0,0.0,0,0.0,-1,0.0,0.0,0.0,0
433522,0,,,0,,,0.02,0.02,0.99,0,-0,-0,0,,,,,,,,,,,,,,,,
433562,0,,,0,,,0.02,0.02,0.99,0,-0,-0,0,,,,,,,,,,,,,,,,
433602,0,,,0,,,0.02,0.02,0.99,0,-0,-0,0,,,,,,,,,,,,,,,,
433642,0,,,0,,,0.02,0.02,0.99,0,-0,-0,0,,,,,,,,,,,,,,,,
433682,0,,,0,,,0.02,0.02,0.99,0,-0,-0,0,,0.0,0.0,0.0,0.0,0,0,0.0,0.0,0,0.0,-1,0.0,0.0,0.0,0
433722,0,,,0,,,0.02,0.02,0.99,0,-0,-0,0,,,,,,,,,,,,,,,,
433762,0,,,0,,,0.02,0.02,0.99,0,-0,-0,0,,,,,,,,,,,,,,,,
433802,0,,,0,,,0.02,0.02,0.99,0,-0,-0,0,,,,,,,,,,,,,,,,
433842,0,,,0,,,0.02,0.02,0.99,0,-0,-0,0,,,,,,,,,,,,,,,,
433882,0,276,296,0,0.0,5.15,0.02,0.02,0.99,0,-0,-0,0,-8146,0.0,0.0,0.0,0.0,0,0,0.0,0.0,0,0.0,-1,0.0,0.0,0.0,0
433922,0,,,0,,,0.02,0.02,0.99,0,0,-0,0,,,,,,,,,,,,,,,,
433962,0,,,0,,,0.02,0.02,0.99,0,0,-0,0,,,,,,,,,,,,,,,,
434002,0,,,0,,,0.02,0.02,0.99,0,0,-0,0,,,,,,,,,,,,,,,,
434042,0,,,0,,,0.02,0.02,0.99,0,0,-0,0,,,,,,,,,,,,,,,,
434082,0,,,0,,,0.02,0.02,0.99,0,0,-0,0,,0.0,0.0,0.0,0.0,0,0,0.0,0.0,0,0.0,-1,0.0,0.0,0.0,0
434122,0,,,0,,,0.02,0.02,0.99,0,0,-0,0,,,,,,,,,,,,,,,,
434162,0,,,0,,,0.02,0.02,0.99,0,-0,-0,0,,,,,,,,,,,,,,,,
434202,0,,,0,,,0.02,0.02,0.99,0,-0,-0,0,,,,,,,,,,,,,,,,
434242,0,,,0,,,0.02,0.02,0.99,0,-0,-0,0,,,,,,,,,,,,,,,,
434282,0,,,0,,,0.02,0.02,0.99,0,-0,-0,0,,0.0,0.0,0.0,0.0,0,0,0.0,0.0,0,0.0,-1,0.0,0.0,0.0,0
434322,0,,,0,,,0.02,0.02,0.99,0,0,-0,0,,,,,,,,,,,,,,,,
434362,0,,,0,,,0.02,0.02,0.99,0,0,-0,0,,,,,,,,,,,,,,,,
434402,0,,,0,,,0.02,0.02,0.99,0,0,-0,0,,,,,,,,,,,,,,,,
434442,0,,,0,,,0.02,0.02,0.99,0,0,-0,0,,,,,,,,,,,,,,,,
434482,0,,,0,,,0.02,0.02,0.99,0,0,-0,0,,0.0,0.0,0.0,0.0,0,0,0.0,0.0,0,0.0,-1,0.0,0.0,0.0,0
434522,0,,,0,,,0.02,0.02,0.99,0,0,-0,0,,,,,,,,,,,,,,,,
434562,0,,,0,,,0.02,0.02,0.99,0,0,-0,0,,,,,,,,,,,,,,,,
434602,0,,,0,,,0.02,0.02,0.99,0,0,-0,0,,,,,,,,,,,,,,,,
434642,0,,,0,,,0.02,0.02,0.99,0,0,-0,0,,,,,,,,,,,,,,,,
434682,0,,,0,,,0.02,0.02,0.99,0,0,-0,0,,0.0,0.0,0.0,0.0,0,0,0.0,0.0,0,0.0,-1,0.0,0.0,0.0,0
434722,0,,,0,,,0.02,0.02,0.99,0,0,-0,0,,,,,,,,,,,,,,,,
434762,0,,,0,,,0.02,0.02,0.99,0,0,-0,0,,,,,,,,,,,,,,,,
434802,0,,,0,,,0.02,0.02,0.99,0,0,-0,0,,,,,,,,,,,,,,,,
434842,0,,,0,,,0.02,0.02,0.99,0,0,-0,0,,,,,,,,,,,,,,,,
434882,0,277,296,0,0.0,5.15,0.02,0.02,0.99,0,0,-0,0,-8146,0.0,0.0,0.0,0.0,0,0,0.0,0.0,0,0.0,-1,0.0,0.0,0.0,0
434922,0,,,0,,,0.02,0.02,0.99,0,-0,-0,0,,,,,,,,,,,,,,,,
434962,0,,,0,,,0.02,0.02,0.99,0,-0,-0,0,,,,,,,,,,,,,,,,
435002,0,,,0,,,0.02,0.02,0.99,0,-0,-0,0,,,,,,,,,,,,,,,,
435042,0,,,0,,,0.02,0.02,0.99,0,-0,-0,0,,,,,,,,,,,,,,,,
435082,0,,,0,,,0.02,0.02,0.99,0,-0,-0,0,,0.0,0.0,0.0,0.0,0,0,0.0,0.0,0,0.0,-1,0.0,0.0,0.0,0
435122,0,,,0,,,0.02,0.02,0.99,0,-0,-0,0,,,,,,,,,,,,,,,,
435162,0,,,0,,,0.02,0.02,0.99,0,-0,-0,0,,,,,,,,,,,,,,,,
435202,0,,,0,,,0.02,0.02,0.99,0,-0,-0,0,,,,,,,,,,,,,,,,
435242,0,,,0,,,0.02,0.02,0.99,0,-0,-0,0,,,,,,,,,,,,,,,,
435282,0,,,0,,,0.02,0.02,0.99,0,-0,-0,0,,0.0,0.0,0.0,0.0,0,0,0.0,0.0,0,0.0,-1,0.0,0.0,0.0,0
435322,0,,,0,,,0.02,0.02,0.99,0,-0,-0,0,,,,,,,,,,,,,,,,
435362,0,,,0,,,0.02,0.02,0.99,0,-0,-0,0,,,,,,,,,,,,,,,,
435402,0,,,0,,,0.02,0.02,0.99,0,-0,-0,0,,,,,,,,,,,,,,,,
435442,0,,,0,,,0.02,0.02,0.99,0,-0,-0,0,,,,,,,,,,,,,,,,
435482,0,,,0,,,0.02,0.02,0.99,0,-0,-0,0,,0.0,0.0,0.0,0.0,0,0,0.0,0.0,0,0.0,-1,0.0,0.0,0.0,0
435522,0,,,0,,,0.02,0.02,0.99,0,-0,-0,0,,,,,,,,,,,,,,,,
435562,0,,,0,,,0.02,0.02,0.99,0,0,-0,0,,,,,,,,,,,,,,,,
435602,0,,,0,,,0.02,0.02,0.99,0,-0,-0,0,,,,,,,,,,,,,,,,
435642,0,,,0,,,0.02,0.02,0.99,0,0,-0,0,,,,,,,,,,,,,,,,
435682,0,,,0,,,0.02,0.02,0.99,0,0,-0,0,,0.0,0.0,0.0,0.0,0,0,0.0,0.0,0,0.0,-1,0.0,0.0,0.0,0
435722,0,,,0,,,0.02,0.02,0.99,0,0,-0,0,,,,,,,,,,,,,,,,
435762,0,,,0,,,0.02,0.02,0.99,0,0,-0,0,,,,,,,,,,,,,,,,
435802,0,,,0,,,0.02,0.02,0.99,0,0,-0,0,,,,,,,,,,,,,,,,
435842,0,,,0,,,0.02,0.02,0.99,0,0,-0,0,,,,,,,,,,,,,,,,
435882,0,277,296,0,0.0,5.16,0.02,0.02,0.99,0,0,-0,0,-8146,0.0,0.0,0.0,0.0,0,0,0.0,0.0,0,0.0,-1,0.0,0.0,0.0,0
